Removed Pin From Net: NetName=Bat_Ground Pin=C9-1
Removed Pin From Net: NetName=Bat_Ground Pin=C19-1
Removed Pin From Net: NetName=5V_Sensor Pin=R17-1
Removed Pin From Net: NetName=5V_Sensor Pin=R19-1
Removed Pin From Net: NetName=5V Pin=R60-2
Removed Pin From Net: NetName=5V Pin=R62-2
Removed Pin From Net: NetName=5V Pin=R64-2
Removed Pin From Net: NetName=5V Pin=R66-2
Removed Pin From Net: NetName=Bat_Ground Pin=R87-1
Removed Pin From Net: NetName=Bat_Ground Pin=R88-1
Removed Member From Class: ClassName=Analog_Sensors_Sheet Member=C9
Removed Member From Class: ClassName=Analog_Sensors_Sheet Member=C19
Removed Member From Class: ClassName=Analog_Sensors_Sheet Member=R17
Removed Member From Class: ClassName=Analog_Sensors_Sheet Member=R19
Removed Member From Class: ClassName=Analog_Sensors_Sheet Member=R75
Removed Member From Class: ClassName=Analog_Sensors_Sheet Member=R76
Removed Member From Class: ClassName=Analog_Sensors_Sheet Member=R87
Removed Member From Class: ClassName=Analog_Sensors_Sheet Member=R88
Added Component: Designator=Q?(SOT95P240X111-3N)
Add component (AddParameter): Name = "Check_prices"; Value = "https://www.snapeda.com/parts/BSS138/Onsemi/view-part/?ref=eda"; VariantName = "[No Variations]"
Add component (AddParameter): Name = "MF"; Value = "onsemi"; VariantName = "[No Variations]"
Add component (AddParameter): Name = "MP"; Value = "BSS138"; VariantName = "[No Variations]"
Add component (AddParameter): Name = "Package"; Value = "SOT-23-3 ON Semiconductor"; VariantName = "[No Variations]"
Add component (AddParameter): Name = "SnapEDA_Link"; Value = "https://www.snapeda.com/parts/BSS138/Onsemi/view-part/?ref=snap"; VariantName = "[No Variations]"
Add component (AddParameter): Name = "Value"; Value = ""; VariantName = "[No Variations]"
Added Component: Designator=Q?(SOT95P240X111-3N)
Add component (AddParameter): Name = "Check_prices"; Value = "https://www.snapeda.com/parts/BSS138/Onsemi/view-part/?ref=eda"; VariantName = "[No Variations]"
Add component (AddParameter): Name = "MF"; Value = "onsemi"; VariantName = "[No Variations]"
Add component (AddParameter): Name = "MP"; Value = "BSS138"; VariantName = "[No Variations]"
Add component (AddParameter): Name = "Package"; Value = "SOT-23-3 ON Semiconductor"; VariantName = "[No Variations]"
Add component (AddParameter): Name = "SnapEDA_Link"; Value = "https://www.snapeda.com/parts/BSS138/Onsemi/view-part/?ref=snap"; VariantName = "[No Variations]"
Add component (AddParameter): Name = "Value"; Value = ""; VariantName = "[No Variations]"
Added Component: Designator=R?(RESC3116X65N)
Add component (AddParameter): Name = "Check_prices"; Value = "https://www.snapeda.com/parts/RC1206FR-074K7L/Yageo/view-part/?ref=eda"; VariantName = "[No Variations]"
Add component (AddParameter): Name = "MF"; Value = "Yageo"; VariantName = "[No Variations]"
Add component (AddParameter): Name = "MP"; Value = "RC1206FR-074K7L"; VariantName = "[No Variations]"
Add component (AddParameter): Name = "Package"; Value = "3116 Yageo"; VariantName = "[No Variations]"
Add component (AddParameter): Name = "SnapEDA_Link"; Value = "https://www.snapeda.com/parts/RC1206FR-074K7L/Yageo/view-part/?ref=snap"; VariantName = "[No Variations]"
Add component (AddParameter): Name = "Value"; Value = ""; VariantName = "[No Variations]"
Added Component: Designator=R?(RESC3116X65N)
Add component (AddParameter): Name = "Check_prices"; Value = "https://www.snapeda.com/parts/RC1206FR-074K7L/Yageo/view-part/?ref=eda"; VariantName = "[No Variations]"
Add component (AddParameter): Name = "MF"; Value = "Yageo"; VariantName = "[No Variations]"
Add component (AddParameter): Name = "MP"; Value = "RC1206FR-074K7L"; VariantName = "[No Variations]"
Add component (AddParameter): Name = "Package"; Value = "3116 Yageo"; VariantName = "[No Variations]"
Add component (AddParameter): Name = "SnapEDA_Link"; Value = "https://www.snapeda.com/parts/RC1206FR-074K7L/Yageo/view-part/?ref=snap"; VariantName = "[No Variations]"
Add component (AddParameter): Name = "Value"; Value = ""; VariantName = "[No Variations]"
Added Component: Designator=R?(RESC3116X65N)
Add component (AddParameter): Name = "Check_prices"; Value = "https://www.snapeda.com/parts/RC1206FR-074K7L/Yageo/view-part/?ref=eda"; VariantName = "[No Variations]"
Add component (AddParameter): Name = "MF"; Value = "Yageo"; VariantName = "[No Variations]"
Add component (AddParameter): Name = "MP"; Value = "RC1206FR-074K7L"; VariantName = "[No Variations]"
Add component (AddParameter): Name = "Package"; Value = "3116 Yageo"; VariantName = "[No Variations]"
Add component (AddParameter): Name = "SnapEDA_Link"; Value = "https://www.snapeda.com/parts/RC1206FR-074K7L/Yageo/view-part/?ref=snap"; VariantName = "[No Variations]"
Add component (AddParameter): Name = "Value"; Value = ""; VariantName = "[No Variations]"
Added Component: Designator=R?(RESC3116X65N)
Add component (AddParameter): Name = "Check_prices"; Value = "https://www.snapeda.com/parts/RC1206FR-074K7L/Yageo/view-part/?ref=eda"; VariantName = "[No Variations]"
Add component (AddParameter): Name = "MF"; Value = "Yageo"; VariantName = "[No Variations]"
Add component (AddParameter): Name = "MP"; Value = "RC1206FR-074K7L"; VariantName = "[No Variations]"
Add component (AddParameter): Name = "Package"; Value = "3116 Yageo"; VariantName = "[No Variations]"
Add component (AddParameter): Name = "SnapEDA_Link"; Value = "https://www.snapeda.com/parts/RC1206FR-074K7L/Yageo/view-part/?ref=snap"; VariantName = "[No Variations]"
Add component (AddParameter): Name = "Value"; Value = ""; VariantName = "[No Variations]"
Added Component: Designator=R?(RESC3116X65N)
Add component (AddParameter): Name = "Check_prices"; Value = "https://www.snapeda.com/parts/RC1206FR-074K7L/Yageo/view-part/?ref=eda"; VariantName = "[No Variations]"
Add component (AddParameter): Name = "MF"; Value = "Yageo"; VariantName = "[No Variations]"
Add component (AddParameter): Name = "MP"; Value = "RC1206FR-074K7L"; VariantName = "[No Variations]"
Add component (AddParameter): Name = "Package"; Value = "3116 Yageo"; VariantName = "[No Variations]"
Add component (AddParameter): Name = "SnapEDA_Link"; Value = "https://www.snapeda.com/parts/RC1206FR-074K7L/Yageo/view-part/?ref=snap"; VariantName = "[No Variations]"
Add component (AddParameter): Name = "Value"; Value = ""; VariantName = "[No Variations]"
Added Component: Designator=R?(RESC3116X65N)
Add component (AddParameter): Name = "Check_prices"; Value = "https://www.snapeda.com/parts/RC1206FR-074K7L/Yageo/view-part/?ref=eda"; VariantName = "[No Variations]"
Add component (AddParameter): Name = "MF"; Value = "Yageo"; VariantName = "[No Variations]"
Add component (AddParameter): Name = "MP"; Value = "RC1206FR-074K7L"; VariantName = "[No Variations]"
Add component (AddParameter): Name = "Package"; Value = "3116 Yageo"; VariantName = "[No Variations]"
Add component (AddParameter): Name = "SnapEDA_Link"; Value = "https://www.snapeda.com/parts/RC1206FR-074K7L/Yageo/view-part/?ref=snap"; VariantName = "[No Variations]"
Add component (AddParameter): Name = "Value"; Value = ""; VariantName = "[No Variations]"
Added Component: Designator=R?(RESC3116X65N)
Add component (AddParameter): Name = "Check_prices"; Value = "https://www.snapeda.com/parts/RC1206FR-074K7L/Yageo/view-part/?ref=eda"; VariantName = "[No Variations]"
Add component (AddParameter): Name = "MF"; Value = "Yageo"; VariantName = "[No Variations]"
Add component (AddParameter): Name = "MP"; Value = "RC1206FR-074K7L"; VariantName = "[No Variations]"
Add component (AddParameter): Name = "Package"; Value = "3116 Yageo"; VariantName = "[No Variations]"
Add component (AddParameter): Name = "SnapEDA_Link"; Value = "https://www.snapeda.com/parts/RC1206FR-074K7L/Yageo/view-part/?ref=snap"; VariantName = "[No Variations]"
Add component (AddParameter): Name = "Value"; Value = ""; VariantName = "[No Variations]"
Added Component: Designator=R?(RESC3116X65N)
Add component (AddParameter): Name = "Check_prices"; Value = "https://www.snapeda.com/parts/RC1206FR-074K7L/Yageo/view-part/?ref=eda"; VariantName = "[No Variations]"
Add component (AddParameter): Name = "MF"; Value = "Yageo"; VariantName = "[No Variations]"
Add component (AddParameter): Name = "MP"; Value = "RC1206FR-074K7L"; VariantName = "[No Variations]"
Add component (AddParameter): Name = "Package"; Value = "3116 Yageo"; VariantName = "[No Variations]"
Add component (AddParameter): Name = "SnapEDA_Link"; Value = "https://www.snapeda.com/parts/RC1206FR-074K7L/Yageo/view-part/?ref=snap"; VariantName = "[No Variations]"
Add component (AddParameter): Name = "Value"; Value = ""; VariantName = "[No Variations]"
Added Component: Designator=R?(RESC3116X65N)
Add component (AddParameter): Name = "Check_prices"; Value = "https://www.snapeda.com/parts/RC1206FR-074K7L/Yageo/view-part/?ref=eda"; VariantName = "[No Variations]"
Add component (AddParameter): Name = "MF"; Value = "Yageo"; VariantName = "[No Variations]"
Add component (AddParameter): Name = "MP"; Value = "RC1206FR-074K7L"; VariantName = "[No Variations]"
Add component (AddParameter): Name = "Package"; Value = "3116 Yageo"; VariantName = "[No Variations]"
Add component (AddParameter): Name = "SnapEDA_Link"; Value = "https://www.snapeda.com/parts/RC1206FR-074K7L/Yageo/view-part/?ref=snap"; VariantName = "[No Variations]"
Add component (AddParameter): Name = "Value"; Value = ""; VariantName = "[No Variations]"
Added Component: Designator=R?(RESC3116X65N)
Add component (AddParameter): Name = "Check_prices"; Value = "https://www.snapeda.com/parts/RC1206FR-074K7L/Yageo/view-part/?ref=eda"; VariantName = "[No Variations]"
Add component (AddParameter): Name = "MF"; Value = "Yageo"; VariantName = "[No Variations]"
Add component (AddParameter): Name = "MP"; Value = "RC1206FR-074K7L"; VariantName = "[No Variations]"
Add component (AddParameter): Name = "Package"; Value = "3116 Yageo"; VariantName = "[No Variations]"
Add component (AddParameter): Name = "SnapEDA_Link"; Value = "https://www.snapeda.com/parts/RC1206FR-074K7L/Yageo/view-part/?ref=snap"; VariantName = "[No Variations]"
Add component (AddParameter): Name = "Value"; Value = ""; VariantName = "[No Variations]"
Added Component: Designator=R?(RESC3116X65N)
Add component (AddParameter): Name = "Check_prices"; Value = "https://www.snapeda.com/parts/RC1206FR-074K7L/Yageo/view-part/?ref=eda"; VariantName = "[No Variations]"
Add component (AddParameter): Name = "MF"; Value = "Yageo"; VariantName = "[No Variations]"
Add component (AddParameter): Name = "MP"; Value = "RC1206FR-074K7L"; VariantName = "[No Variations]"
Add component (AddParameter): Name = "Package"; Value = "3116 Yageo"; VariantName = "[No Variations]"
Add component (AddParameter): Name = "SnapEDA_Link"; Value = "https://www.snapeda.com/parts/RC1206FR-074K7L/Yageo/view-part/?ref=snap"; VariantName = "[No Variations]"
Add component (AddParameter): Name = "Value"; Value = ""; VariantName = "[No Variations]"
Added Component: Designator=R?(RESC3116X65N)
Add component (AddParameter): Name = "Check_prices"; Value = "https://www.snapeda.com/parts/RC1206FR-074K7L/Yageo/view-part/?ref=eda"; VariantName = "[No Variations]"
Add component (AddParameter): Name = "MF"; Value = "Yageo"; VariantName = "[No Variations]"
Add component (AddParameter): Name = "MP"; Value = "RC1206FR-074K7L"; VariantName = "[No Variations]"
Add component (AddParameter): Name = "Package"; Value = "3116 Yageo"; VariantName = "[No Variations]"
Add component (AddParameter): Name = "SnapEDA_Link"; Value = "https://www.snapeda.com/parts/RC1206FR-074K7L/Yageo/view-part/?ref=snap"; VariantName = "[No Variations]"
Add component (AddParameter): Name = "Value"; Value = ""; VariantName = "[No Variations]"
Added Component: Designator=R?(RESC3116X65N)
Add component (AddParameter): Name = "Check_prices"; Value = "https://www.snapeda.com/parts/RC1206FR-074K7L/Yageo/view-part/?ref=eda"; VariantName = "[No Variations]"
Add component (AddParameter): Name = "MF"; Value = "Yageo"; VariantName = "[No Variations]"
Add component (AddParameter): Name = "MP"; Value = "RC1206FR-074K7L"; VariantName = "[No Variations]"
Add component (AddParameter): Name = "Package"; Value = "3116 Yageo"; VariantName = "[No Variations]"
Add component (AddParameter): Name = "SnapEDA_Link"; Value = "https://www.snapeda.com/parts/RC1206FR-074K7L/Yageo/view-part/?ref=snap"; VariantName = "[No Variations]"
Add component (AddParameter): Name = "Value"; Value = ""; VariantName = "[No Variations]"
Added Component: Designator=R?(RESC3116X65N)
Add component (AddParameter): Name = "Check_prices"; Value = "https://www.snapeda.com/parts/RC1206FR-074K7L/Yageo/view-part/?ref=eda"; VariantName = "[No Variations]"
Add component (AddParameter): Name = "MF"; Value = "Yageo"; VariantName = "[No Variations]"
Add component (AddParameter): Name = "MP"; Value = "RC1206FR-074K7L"; VariantName = "[No Variations]"
Add component (AddParameter): Name = "Package"; Value = "3116 Yageo"; VariantName = "[No Variations]"
Add component (AddParameter): Name = "SnapEDA_Link"; Value = "https://www.snapeda.com/parts/RC1206FR-074K7L/Yageo/view-part/?ref=snap"; VariantName = "[No Variations]"
Add component (AddParameter): Name = "Value"; Value = ""; VariantName = "[No Variations]"
Added Component: Designator=R?(RESC3116X65N)
Add component (AddParameter): Name = "Check_prices"; Value = "https://www.snapeda.com/parts/RC1206FR-074K7L/Yageo/view-part/?ref=eda"; VariantName = "[No Variations]"
Add component (AddParameter): Name = "MF"; Value = "Yageo"; VariantName = "[No Variations]"
Add component (AddParameter): Name = "MP"; Value = "RC1206FR-074K7L"; VariantName = "[No Variations]"
Add component (AddParameter): Name = "Package"; Value = "3116 Yageo"; VariantName = "[No Variations]"
Add component (AddParameter): Name = "SnapEDA_Link"; Value = "https://www.snapeda.com/parts/RC1206FR-074K7L/Yageo/view-part/?ref=snap"; VariantName = "[No Variations]"
Add component (AddParameter): Name = "Value"; Value = ""; VariantName = "[No Variations]"
Added Component: Designator=R?(RESC3116X65N)
Add component (AddParameter): Name = "Check_prices"; Value = "https://www.snapeda.com/parts/RC1206FR-074K7L/Yageo/view-part/?ref=eda"; VariantName = "[No Variations]"
Add component (AddParameter): Name = "MF"; Value = "Yageo"; VariantName = "[No Variations]"
Add component (AddParameter): Name = "MP"; Value = "RC1206FR-074K7L"; VariantName = "[No Variations]"
Add component (AddParameter): Name = "Package"; Value = "3116 Yageo"; VariantName = "[No Variations]"
Add component (AddParameter): Name = "SnapEDA_Link"; Value = "https://www.snapeda.com/parts/RC1206FR-074K7L/Yageo/view-part/?ref=snap"; VariantName = "[No Variations]"
Add component (AddParameter): Name = "Value"; Value = ""; VariantName = "[No Variations]"
Added Pin To Net: NetName=3.3V Pin=Q?-1
Added Pin To Net: NetName=3.3V Pin=Q?-1
Added Pin To Net: NetName=3.3V Pin=R?-2
Added Pin To Net: NetName=3.3V Pin=R?-2
Added Pin To Net: NetName=5V Pin=R?-2
Added Pin To Net: NetName=5V Pin=R?-2
Added Pin To Net: NetName=5V Pin=R?-2
Added Pin To Net: NetName=5V Pin=R?-2
Added Pin To Net: NetName=5V Pin=R?-2
Added Pin To Net: NetName=5V Pin=R?-2
Added Pin To Net: NetName=VIN Pin=R?-2
Added Pin To Net: NetName=VIN Pin=R?-2
Added Pin To Net: NetName=VIN Pin=R?-2
Added Pin To Net: NetName=VIN Pin=R?-2
Added Pin To Net: NetName=VIN Pin=R?-2
Added Pin To Net: NetName=VIN Pin=R?-2
Added Pin To Net: NetName=NetR60_2 Pin=R60-2
Added Pin To Net: NetName=NetR60_2 Pin=R?-1
Added Pin To Net: NetName=NetR60_2 Pin=R?-1
Added Net: Name=NetR60_2
Added Pin To Net: NetName=NetR62_2 Pin=R62-2
Added Pin To Net: NetName=NetR62_2 Pin=R?-1
Added Pin To Net: NetName=NetR62_2 Pin=R?-1
Added Net: Name=NetR62_2
Added Pin To Net: NetName=NetR64_2 Pin=R64-2
Added Pin To Net: NetName=NetR64_2 Pin=R?-1
Added Pin To Net: NetName=NetR64_2 Pin=R?-1
Added Net: Name=NetR64_2
Added Pin To Net: NetName=NetR66_2 Pin=R66-2
Added Pin To Net: NetName=NetR66_2 Pin=R?-1
Added Pin To Net: NetName=NetR66_2 Pin=R?-1
Added Net: Name=NetR66_2
Added Pin To Net: NetName=NetR?_1 Pin=R?-1
Added Pin To Net: NetName=NetR?_1 Pin=R?-1
Added Pin To Net: NetName=NetR?_1 Pin=R?-2
Added Net: Name=NetR?_1
Add Net: Net with name "NetR?_1" already exists
Added Pin To Net: NetName=PWM_MCU_OUT_5 Pin=J9-J2
Added Pin To Net: NetName=PWM_MCU_OUT_5 Pin=Q?-2
Added Pin To Net: NetName=PWM_MCU_OUT_5 Pin=R?-1
Added Net: Name=PWM_MCU_OUT_5
Added Pin To Net: NetName=PWM_MCU_OUT_6 Pin=J9-K2
Added Pin To Net: NetName=PWM_MCU_OUT_6 Pin=Q?-2
Added Pin To Net: NetName=PWM_MCU_OUT_6 Pin=R?-1
Added Net: Name=PWM_MCU_OUT_6
Added Pin To Net: NetName=PWM_OUT_5 Pin=Q?-3
Added Pin To Net: NetName=PWM_OUT_5 Pin=R?-1
Added Net: Name=PWM_OUT_5
Added Pin To Net: NetName=PWM_OUT_6 Pin=Q?-3
Added Pin To Net: NetName=PWM_OUT_6 Pin=R?-1
Added Net: Name=PWM_OUT_6
Added Pin To Net: NetName=TVS_11 Pin=U19-6
Added Net: Name=TVS_11
Added Pin To Net: NetName=TVS_12 Pin=U19-7
Added Net: Name=TVS_12
Added Member To Class: ClassName=Analog_Sensors_Sheet Member=Component Q? BSS138
Added Member To Class: ClassName=Analog_Sensors_Sheet Member=Component Q? BSS138
Added Member To Class: ClassName=Analog_Sensors_Sheet Member=Component R? 0
Added Member To Class: ClassName=Analog_Sensors_Sheet Member=Component R? 0
Added Member To Class: ClassName=Analog_Sensors_Sheet Member=Component R? 0
Added Member To Class: ClassName=Analog_Sensors_Sheet Member=Component R? 0
Added Member To Class: ClassName=Analog_Sensors_Sheet Member=Component R? 0
Added Member To Class: ClassName=Analog_Sensors_Sheet Member=Component R? 0
Added Member To Class: ClassName=Analog_Sensors_Sheet Member=Component R? 0
Added Member To Class: ClassName=Analog_Sensors_Sheet Member=Component R? 0
Added Member To Class: ClassName=Analog_Sensors_Sheet Member=Component R? 4.7K
Added Member To Class: ClassName=Analog_Sensors_Sheet Member=Component R? 0
Added Member To Class: ClassName=Analog_Sensors_Sheet Member=Component R? 0
Added Member To Class: ClassName=Analog_Sensors_Sheet Member=Component R? 0
Added Member To Class: ClassName=Analog_Sensors_Sheet Member=Component R? 4.7K
Added Member To Class: ClassName=Analog_Sensors_Sheet Member=Component R? 4.7K
Added Member To Class: ClassName=Analog_Sensors_Sheet Member=Component R? 4.7K
Added Member To Class: ClassName=Analog_Sensors_Sheet Member=Component R? 0
