Removed Member From Class: ClassName=ECU_Sheet Member=R?
Change Component Designator: OldDesignator=C? NewDesignator=C41
Change Component Designator: OldDesignator=C? NewDesignator=C55
Change Component Designator: OldDesignator=C? NewDesignator=C56
Change Component Designator: OldDesignator=C? NewDesignator=C57
Change Component Designator: OldDesignator=C? NewDesignator=C58
Change Component Designator: OldDesignator=C? NewDesignator=C59
Change Component Designator: OldDesignator=C? NewDesignator=C60
Change Component Designator: OldDesignator=C? NewDesignator=C61
Change Component Designator: OldDesignator=Q? NewDesignator=Q13
Change Component Designator: OldDesignator=R? NewDesignator=R6
Change Component Designator: OldDesignator=R? NewDesignator=R7
Change Component Designator: OldDesignator=R? NewDesignator=R8
Change Component Designator: OldDesignator=R? NewDesignator=R14
Change Component Designator: OldDesignator=R? NewDesignator=R15
Change Component Designator: OldDesignator=R? NewDesignator=R16
Change Component Designator: OldDesignator=R? NewDesignator=R23
Change Component Designator: OldDesignator=R? NewDesignator=R25
Change Component Designator: OldDesignator=R? NewDesignator=R27
Change Component Designator: OldDesignator=R? NewDesignator=R28
Change Component Designator: OldDesignator=R? NewDesignator=R35
Change Component Designator: OldDesignator=R? NewDesignator=R40
Change Component Designator: OldDesignator=R? NewDesignator=R41
Change Component Designator: OldDesignator=R? NewDesignator=R42
Change Component Designator: OldDesignator=R? NewDesignator=R46
Change Component Designator: OldDesignator=R? NewDesignator=R47
Change Component Designator: OldDesignator=R? NewDesignator=R48
Change Component Designator: OldDesignator=R? NewDesignator=R68
Change Component Designator: OldDesignator=R? NewDesignator=R69
Change Component Designator: OldDesignator=R? NewDesignator=R70
Change Component Designator: OldDesignator=R? NewDesignator=R71
Change Component Designator: OldDesignator=R? NewDesignator=R72
Change Component Designator: OldDesignator=R? NewDesignator=R73
Change Component Designator: OldDesignator=R? NewDesignator=R74
Change Component Designator: OldDesignator=R? NewDesignator=R75
Change Component Designator: OldDesignator=R? NewDesignator=R76
Change Component Designator: OldDesignator=R? NewDesignator=R77
Change Component Designator: OldDesignator=R? NewDesignator=R78
Change Component Designator: OldDesignator=R? NewDesignator=R79
Change Component Designator: OldDesignator=R? NewDesignator=R80
Change Component Designator: OldDesignator=R? NewDesignator=R81
Change Component Designator: OldDesignator=R? NewDesignator=R82
Change Component Designator: OldDesignator=R? NewDesignator=R83
Change Component Designator: OldDesignator=R? NewDesignator=R84
Change Component Designator: OldDesignator=R? NewDesignator=R85
Change Component Designator: OldDesignator=R? NewDesignator=R86
Change Component Designator: OldDesignator=R? NewDesignator=R87
Change Component Designator: OldDesignator=R? NewDesignator=R88
Change Component Designator: OldDesignator=U? NewDesignator=U4
Change Component Designator: OldDesignator=U? NewDesignator=U6
Change Component Designator: OldDesignator=U? NewDesignator=U18
Change Component Designator: OldDesignator=U? NewDesignator=U22
Change Net Name : Old Net Name=NetC?_1 New Net Name=NetC57_1
Change Net Name : Old Net Name=NetC?_2 New Net Name=NetC57_2
Change Net Name : Old Net Name=NetR?_1 New Net Name=NetR6_1
Change Net Name : Old Net Name=NetR?_2 New Net Name=NetR42_2
Added Pin To Net: NetName=NetC56_2 Pin=C56-2
Added Pin To Net: NetName=NetC56_2 Pin=R6-2
Added Pin To Net: NetName=NetC56_2 Pin=U12-22
Added Net: Name=NetC56_2
Added Pin To Net: NetName=NetR7_2 Pin=R7-2
Added Pin To Net: NetName=NetR7_2 Pin=U12-5
Added Net: Name=NetR7_2
Added Pin To Net: NetName=NetR8_2 Pin=R8-2
Added Pin To Net: NetName=NetR8_2 Pin=U12-7
Added Net: Name=NetR8_2
Added Pin To Net: NetName=NetR14_2 Pin=R14-2
Added Pin To Net: NetName=NetR14_2 Pin=U12-10
Added Net: Name=NetR14_2
Added Pin To Net: NetName=NetR23_2 Pin=R23-2
Added Pin To Net: NetName=NetR23_2 Pin=U6-1
Added Net: Name=NetR23_2
Added Pin To Net: NetName=NetR25_2 Pin=R25-2
Added Pin To Net: NetName=NetR25_2 Pin=U6-2
Added Net: Name=NetR25_2
Added Pin To Net: NetName=NetR41_2 Pin=R41-2
Added Pin To Net: NetName=NetR41_2 Pin=U22-1
Added Net: Name=NetR41_2
Added Member To Class: ClassName=ECU_Sheet Member=Component C41 0.1µF
Added Member To Class: ClassName=ECU_Sheet Member=Component C55 2.2nF
Added Member To Class: ClassName=ECU_Sheet Member=Component C56 0.1µF
Added Member To Class: ClassName=ECU_Sheet Member=Component C57 0.1µF
Added Member To Class: ClassName=ECU_Sheet Member=Component C58 0.1µF
Added Member To Class: ClassName=ECU_Sheet Member=Component C60 0.1µF
Added Member To Class: ClassName=ECU_Sheet Member=Component C61 1nF
Added Member To Class: ClassName=ECU_Sheet Member=Component R6 100K
Added Member To Class: ClassName=ECU_Sheet Member=Component R7 10K
Added Member To Class: ClassName=ECU_Sheet Member=Component R8 6.8K
Added Member To Class: ClassName=ECU_Sheet Member=Component R14 31.6K
Added Member To Class: ClassName=ECU_Sheet Member=Component R15 4.7K
Added Member To Class: ClassName=ECU_Sheet Member=Component R16 100K
Added Member To Class: ClassName=ECU_Sheet Member=Component R23 10K
Added Member To Class: ClassName=ECU_Sheet Member=Component R25 10K
Added Member To Class: ClassName=ECU_Sheet Member=Component R27 150
Added Member To Class: ClassName=ECU_Sheet Member=Component R28 10K
Added Member To Class: ClassName=ECU_Sheet Member=Component R35 4.7K
Added Member To Class: ClassName=ECU_Sheet Member=Component R40 5.6K
Added Member To Class: ClassName=ECU_Sheet Member=Component R41 10K
Added Member To Class: ClassName=ECU_Sheet Member=Component R42 10K
Added Member To Class: ClassName=Analog_Sensors_Sheet Member=Component R46 5.6K
Added Member To Class: ClassName=Analog_Sensors_Sheet Member=Component R47 5.6K
Added Member To Class: ClassName=Analog_Sensors_Sheet Member=Component R48 5.6K
Added Member To Class: ClassName=Analog_Sensors_Sheet Member=Component R68 5.6K
Added Member To Class: ClassName=Analog_Sensors_Sheet Member=Component R69 5.6K
Added Member To Class: ClassName=Analog_Sensors_Sheet Member=Component R70 5.6K
Added Member To Class: ClassName=Analog_Sensors_Sheet Member=Component R71 5.6K
Added Member To Class: ClassName=Analog_Sensors_Sheet Member=Component R72 5.6K
Added Member To Class: ClassName=Analog_Sensors_Sheet Member=Component R73 5.6K
Added Member To Class: ClassName=Analog_Sensors_Sheet Member=Component R74 5.6K
Added Member To Class: ClassName=Analog_Sensors_Sheet Member=Component R75 5.6K
Added Member To Class: ClassName=Analog_Sensors_Sheet Member=Component R76 5.6K
Added Member To Class: ClassName=Analog_Sensors_Sheet Member=Component R77 10K
Added Member To Class: ClassName=Analog_Sensors_Sheet Member=Component R78 10K
Added Member To Class: ClassName=Analog_Sensors_Sheet Member=Component R79 10K
Added Member To Class: ClassName=Analog_Sensors_Sheet Member=Component R80 10K
Added Member To Class: ClassName=Analog_Sensors_Sheet Member=Component R82 10K
Added Member To Class: ClassName=Analog_Sensors_Sheet Member=Component R83 10K
Added Member To Class: ClassName=Analog_Sensors_Sheet Member=Component R84 10K
Added Member To Class: ClassName=Analog_Sensors_Sheet Member=Component R85 10K
Added Member To Class: ClassName=Analog_Sensors_Sheet Member=Component R86 10K
Added Member To Class: ClassName=Analog_Sensors_Sheet Member=Component R87 10K
Added Member To Class: ClassName=Analog_Sensors_Sheet Member=Component R88 10K
Added Member To Class: ClassName=ECU_Sheet Member=Component U4 2N7001TDCKR
Added Member To Class: ClassName=ECU_Sheet Member=Component U18 2N7001TDCKR
Added Member To Class: ClassName=ECU_Sheet Member=Component U22 MAX9924UAUB+T
