Add Component: Footprint Not Found SAMTEC_TSM-103-01-L-SH
Add Component: Footprint Not Found SAMTEC_TSM-105-01-LM-DV
Added Component: Designator=U?(DIP254P762X432-8)
Add component (AddParameter): Name = "Check_prices"; Value = "https://www.snapeda.com/parts/TC4424CPA/Microchip/view-part/?ref=eda"; VariantName = "[No Variations]"
Add component (AddParameter): Name = "MF"; Value = "Microchip"; VariantName = "[No Variations]"
Add component (AddParameter): Name = "MP"; Value = "TC4424CPA"; VariantName = "[No Variations]"
Add component (AddParameter): Name = "Package"; Value = "DIP-8 Microchip"; VariantName = "[No Variations]"
Add component (AddParameter): Name = "SnapEDA_Link"; Value = "https://www.snapeda.com/parts/TC4424CPA/Microchip/view-part/?ref=snap"; VariantName = "[No Variations]"
Add component (AddParameter): Name = "Value"; Value = ""; VariantName = "[No Variations]"
Added Component: Designator=U?(DIP254P762X432-8)
Add component (AddParameter): Name = "Check_prices"; Value = "https://www.snapeda.com/parts/TC4424CPA/Microchip/view-part/?ref=eda"; VariantName = "[No Variations]"
Add component (AddParameter): Name = "MF"; Value = "Microchip"; VariantName = "[No Variations]"
Add component (AddParameter): Name = "MP"; Value = "TC4424CPA"; VariantName = "[No Variations]"
Add component (AddParameter): Name = "Package"; Value = "DIP-8 Microchip"; VariantName = "[No Variations]"
Add component (AddParameter): Name = "SnapEDA_Link"; Value = "https://www.snapeda.com/parts/TC4424CPA/Microchip/view-part/?ref=snap"; VariantName = "[No Variations]"
Add component (AddParameter): Name = "Value"; Value = ""; VariantName = "[No Variations]"
Add Pin To Net: Unknown Pin: Pin J5-01
Add Pin To Net: Unknown Pin: Pin J5-02
Add Pin To Net: Unknown Pin: Pin J5-03
Add Pin To Net: Unknown Pin: Pin MASTER SWD1-01
Add Pin To Net: Unknown Pin: Pin MASTER SWD1-02
Add Pin To Net: Unknown Pin: Pin MASTER SWD1-03
Add Pin To Net: Unknown Pin: Pin MASTER SWD1-04
Add Pin To Net: Unknown Pin: Pin MASTER SWD1-06
Added Pin To Net: NetName=Input_Ig_1 Pin=U?-2
Added Pin To Net: NetName=Input_Ig_3 Pin=U?-2
Added Pin To Net: NetName=GND Pin=U?-3
Added Pin To Net: NetName=GND Pin=U?-3
Added Pin To Net: NetName=Input_Ig_2 Pin=U?-4
Added Pin To Net: NetName=Input_Ig_4 Pin=U?-4
Added Pin To Net: NetName=Output_Ig_2 Pin=U?-5
Added Pin To Net: NetName=Output_Ig_4 Pin=U?-5
Added Pin To Net: NetName=5V Pin=U?-6
Added Pin To Net: NetName=5V Pin=U?-6
Added Pin To Net: NetName=Output_Ig_1 Pin=U?-7
Added Pin To Net: NetName=Output_Ig_3 Pin=U?-7
Add Net: Net with name "NetD?_A" already exists
Add Net: Net with name "NetD?_A" already exists
Add Net: Net with name "NetD?_A" already exists
Added Member To Class: ClassName=ECU_Sheet Member=Component D? 597-3305-607F
Added Member To Class: ClassName=ECU_Sheet Member=Component D? 597-3305-607F
Added Member To Class: ClassName=ECU_Sheet Member=Component D? 597-3305-607F
Add Class Member: Failed to add class member : Component J5 TSM-103-01-L-SH
Add Class Member: Failed to add class member : Component MASTER SWD1 TSM-105-01-LM-DV
Added Member To Class: ClassName=CCU_Sheet Member=Component R? RC1206JR-071KL
Added Member To Class: ClassName=CCU_Sheet Member=Component R? RC1206JR-071KL
Added Member To Class: ClassName=CCU_Sheet Member=Component R? RC1206JR-071KL
Added Member To Class: ClassName=ECU_Sheet Member=Component R? RC1206FR-074K7L
Added Member To Class: ClassName=ECU_Sheet Member=Component R? AA1206JR-07470RL
Added Member To Class: ClassName=ECU_Sheet Member=Component R? RC1206FR-074K7L
Added Member To Class: ClassName=ECU_Sheet Member=Component R? RC1206JR-071KL
Added Member To Class: ClassName=ECU_Sheet Member=Component R? ERJP08J221V
Added Member To Class: ClassName=ECU_Sheet Member=Component R? RC1206JR-071KL
Added Member To Class: ClassName=ECU_Sheet Member=Component R? RC1206FR-074K7L
Added Member To Class: ClassName=ECU_Sheet Member=Component R? AA1206JR-07470RL
Added Member To Class: ClassName=ECU_Sheet Member=Component R? ERJP08J221V
Added Member To Class: ClassName=ECU_Sheet Member=Component R? RC1206FR-074K7L
Added Member To Class: ClassName=ECU_Sheet Member=Component R? AA1206JR-07470RL
Added Member To Class: ClassName=ECU_Sheet Member=Component R? ERJP08J221V
Added Member To Class: ClassName=ECU_Sheet Member=Component R? RC1206JR-071KL
Added Member To Class: ClassName=ECU_Sheet Member=Component R? RC1206JR-071KL
Added Member To Class: ClassName=ECU_Sheet Member=Component R? RC1206FR-074K7L
Added Member To Class: ClassName=ECU_Sheet Member=Component R? ERJP08J221V
Added Member To Class: ClassName=ECU_Sheet Member=Component R? AA1206JR-07470RL
Added Member To Class: ClassName=ECU_Sheet Member=Component R? RC1206FR-074K7L
Added Member To Class: ClassName=ECU_Sheet Member=Component R? AA1206JR-07470RL
Added Member To Class: ClassName=ECU_Sheet Member=Component U? TC4424CPA
Added Member To Class: ClassName=ECU_Sheet Member=Component U? TC4424CPA
