Add Component: Footprint Not Found DIP794W45P254L959H508Q8
Add Component: Footprint Not Found DIP794W45P254L959H508Q8
Add Component: Footprint Not Found DIP794W45P254L959H508Q8
Added Component: Designator=C?(CAPC1608X90N)
Add component (AddParameter): Name = "Availability"; Value = "Unavailable"; VariantName = "[No Variations]"
Add component (AddParameter): Name = "MF"; Value = ""; VariantName = "[No Variations]"
Add component (AddParameter): Name = "MP"; Value = "06035C104MAZ2A"; VariantName = "[No Variations]"
Add component (AddParameter): Name = "Package"; Value = "None"; VariantName = "[No Variations]"
Add component (AddParameter): Name = "Price"; Value = "None"; VariantName = "[No Variations]"
Add component (AddParameter): Name = "Value"; Value = ""; VariantName = "[No Variations]"
Add Component: Footprint Not Found LEDC2012X70N
Add Component: Footprint Not Found LEDC2012X70N
Add Component: Footprint Not Found LEDC2012X70N
Add Component: Footprint Not Found LEDC2012X70N
Add Component: Footprint Not Found SAMTEC_TSM-103-01-L-SH
Add Component: Footprint Not Found SAMTEC_TSM-105-01-LM-DV
Add Component: Footprint Not Found SOT93
Add Component: Footprint Not Found SOT93
Add Component: Footprint Not Found SOT93
Add Component: Footprint Not Found RESAD1100W55L680D260
Add Component: Footprint Not Found RESAD1100W55L680D260
Add Component: Footprint Not Found RESAD1100W55L680D260
Add Component: Footprint Not Found RESAD1100W55L680D260
Add Component: Footprint Not Found RESAD1100W55L680D260
Add Component: Footprint Not Found RESAD1100W55L680D260
Add Component: Footprint Not Found RESAD1100W55L680D260
Add Component: Footprint Not Found RESAD1100W55L680D260
Add Component: Footprint Not Found RESAD1100W55L680D260
Add Component: Footprint Not Found RESAD1100W55L680D260
Add Component: Footprint Not Found RESAD1100W55L680D260
Add Component: Footprint Not Found RESAD1100W55L680D260
Add Component: Footprint Not Found RESAD1100W55L680D260
Add Component: Footprint Not Found RESAD1100W55L680D260
Add Component: Footprint Not Found RESAD1100W55L680D260
Add Component: Footprint Not Found RESAD1100W55L680D260
Add Component: Footprint Not Found RESAD1100W55L680D260
Add Component: Footprint Not Found RESAD1100W55L680D260
Add Component: Footprint Not Found RESAD1100W55L680D260
Add Component: Footprint Not Found RESAD1100W55L680D260
Add Component: Footprint Not Found RESAD1100W55L680D260
Add Component: Footprint Not Found RESAD1100W55L680D260
Add Component: Footprint Not Found RESAD1100W55L680D260
Add Component: Footprint Not Found RESAD1100W55L680D260
Add Component: Footprint Not Found DIP254P762X432-8
Add Component: Footprint Not Found DIP254P762X432-8
Add Pin To Net: Unknown Pin: Pin *1-1
Add Pin To Net: Unknown Pin: Pin *1-2
Add Pin To Net: Unknown Pin: Pin *1-3
Add Pin To Net: Unknown Pin: Pin *1-4
Add Pin To Net: Unknown Pin: Pin *1-5
Add Pin To Net: Unknown Pin: Pin *1-6
Add Pin To Net: Unknown Pin: Pin *1-7
Add Pin To Net: Unknown Pin: Pin *2-1
Add Pin To Net: Unknown Pin: Pin *2-2
Add Pin To Net: Unknown Pin: Pin *2-3
Add Pin To Net: Unknown Pin: Pin *2-4
Add Pin To Net: Unknown Pin: Pin *2-5
Add Pin To Net: Unknown Pin: Pin *2-6
Add Pin To Net: Unknown Pin: Pin *2-7
Add Pin To Net: Unknown Pin: Pin *3-1
Add Pin To Net: Unknown Pin: Pin *3-2
Add Pin To Net: Unknown Pin: Pin *3-3
Add Pin To Net: Unknown Pin: Pin *3-4
Add Pin To Net: Unknown Pin: Pin *3-5
Add Pin To Net: Unknown Pin: Pin *3-6
Add Pin To Net: Unknown Pin: Pin *3-7
Added Pin To Net: NetName=3.3V Pin=C?-1
Added Pin To Net: NetName=GND Pin=C?-2
Add Pin To Net: Unknown Pin: Pin D1-A
Add Pin To Net: Unknown Pin: Pin D1-C
Add Pin To Net: Unknown Pin: Pin D3-A
Add Pin To Net: Unknown Pin: Pin D3-C
Add Pin To Net: Unknown Pin: Pin D7-A
Add Pin To Net: Unknown Pin: Pin D7-C
Add Pin To Net: Unknown Pin: Pin D9-A
Add Pin To Net: Unknown Pin: Pin D9-C
Add Pin To Net: Unknown Pin: Pin J5-01
Add Pin To Net: Unknown Pin: Pin J5-02
Add Pin To Net: Unknown Pin: Pin J5-03
Add Pin To Net: Unknown Pin: Pin MASTER SWD1-01
Add Pin To Net: Unknown Pin: Pin MASTER SWD1-02
Add Pin To Net: Unknown Pin: Pin MASTER SWD1-03
Add Pin To Net: Unknown Pin: Pin MASTER SWD1-04
Add Pin To Net: Unknown Pin: Pin MASTER SWD1-06
Add Pin To Net: Unknown Pin: Pin Q1-B
Add Pin To Net: Unknown Pin: Pin Q1-C
Add Pin To Net: Unknown Pin: Pin Q1-E
Add Pin To Net: Unknown Pin: Pin Q2-B
Add Pin To Net: Unknown Pin: Pin Q2-C
Add Pin To Net: Unknown Pin: Pin Q2-E
Add Pin To Net: Unknown Pin: Pin Q4-B
Add Pin To Net: Unknown Pin: Pin Q4-C
Add Pin To Net: Unknown Pin: Pin Q4-E
Add Pin To Net: Unknown Pin: Pin R1-1
Add Pin To Net: Unknown Pin: Pin R1-2
Add Pin To Net: Unknown Pin: Pin R2-1
Add Pin To Net: Unknown Pin: Pin R2-2
Add Pin To Net: Unknown Pin: Pin R3-1
Add Pin To Net: Unknown Pin: Pin R3-2
Add Pin To Net: Unknown Pin: Pin R4-1
Add Pin To Net: Unknown Pin: Pin R4-2
Add Pin To Net: Unknown Pin: Pin R5-1
Add Pin To Net: Unknown Pin: Pin R5-2
Add Pin To Net: Unknown Pin: Pin R6-1
Add Pin To Net: Unknown Pin: Pin R6-2
Add Pin To Net: Unknown Pin: Pin R7-1
Add Pin To Net: Unknown Pin: Pin R7-2
Add Pin To Net: Unknown Pin: Pin R8-1
Add Pin To Net: Unknown Pin: Pin R8-2
Add Pin To Net: Unknown Pin: Pin R9-1
Add Pin To Net: Unknown Pin: Pin R9-2
Add Pin To Net: Unknown Pin: Pin R10-1
Add Pin To Net: Unknown Pin: Pin R10-2
Add Pin To Net: Unknown Pin: Pin R11-1
Add Pin To Net: Unknown Pin: Pin R11-2
Add Pin To Net: Unknown Pin: Pin R12-1
Add Pin To Net: Unknown Pin: Pin R12-2
Add Pin To Net: Unknown Pin: Pin R13-1
Add Pin To Net: Unknown Pin: Pin R13-2
Add Pin To Net: Unknown Pin: Pin R14-1
Add Pin To Net: Unknown Pin: Pin R14-2
Add Pin To Net: Unknown Pin: Pin R15-1
Add Pin To Net: Unknown Pin: Pin R15-2
Add Pin To Net: Unknown Pin: Pin R16-1
Add Pin To Net: Unknown Pin: Pin R16-2
Add Pin To Net: Unknown Pin: Pin R17-1
Add Pin To Net: Unknown Pin: Pin R17-2
Add Pin To Net: Unknown Pin: Pin R18-1
Add Pin To Net: Unknown Pin: Pin R18-2
Add Pin To Net: Unknown Pin: Pin R19-1
Add Pin To Net: Unknown Pin: Pin R19-2
Add Pin To Net: Unknown Pin: Pin R20-1
Add Pin To Net: Unknown Pin: Pin R20-2
Add Pin To Net: Unknown Pin: Pin R29-1
Add Pin To Net: Unknown Pin: Pin R29-2
Add Pin To Net: Unknown Pin: Pin R30-1
Add Pin To Net: Unknown Pin: Pin R30-2
Add Pin To Net: Unknown Pin: Pin R33-1
Add Pin To Net: Unknown Pin: Pin R33-2
Add Pin To Net: Unknown Pin: Pin R34-1
Add Pin To Net: Unknown Pin: Pin R34-2
Add Pin To Net: Unknown Pin: Pin U1-2
Add Pin To Net: Unknown Pin: Pin U1-3
Add Pin To Net: Unknown Pin: Pin U1-4
Add Pin To Net: Unknown Pin: Pin U1-5
Add Pin To Net: Unknown Pin: Pin U1-6
Add Pin To Net: Unknown Pin: Pin U1-7
Add Pin To Net: Unknown Pin: Pin U-2
Add Pin To Net: Unknown Pin: Pin U-3
Add Pin To Net: Unknown Pin: Pin U-4
Add Pin To Net: Unknown Pin: Pin U-5
Add Pin To Net: Unknown Pin: Pin U-6
Add Pin To Net: Unknown Pin: Pin U-7
Added Pin To Net: NetName=LoRa_INT_1 Pin=U4-14
Added Pin To Net: NetName=LoRa_INT_1 Pin=U8-16
Added Net: Name=LoRa_INT_1
Added Pin To Net: NetName=LoRa_INT_2 Pin=U4-15
Added Pin To Net: NetName=LoRa_INT_2 Pin=U8-17
Added Net: Name=LoRa_INT_2
Added Pin To Net: NetName=LoRa_INT_3 Pin=U4-16
Added Pin To Net: NetName=LoRa_INT_3 Pin=U8-29
Added Net: Name=LoRa_INT_3
Added Pin To Net: NetName=LoRa_MISO Pin=U4-2
Added Pin To Net: NetName=LoRa_MISO Pin=U8-19
Added Net: Name=LoRa_MISO
Added Pin To Net: NetName=LoRa_MOSI Pin=U4-3
Added Pin To Net: NetName=LoRa_MOSI Pin=U8-20
Added Net: Name=LoRa_MOSI
Added Pin To Net: NetName=LoRa_SCK Pin=U4-4
Added Pin To Net: NetName=LoRa_SCK Pin=U8-18
Added Net: Name=LoRa_SCK
Add Class Member: Failed to add class member : Component *1 LM1949
Add Class Member: Failed to add class member : Component *2 LM1949
Add Class Member: Failed to add class member : Component *3 LM1949
Added Member To Class: ClassName=CCU_Sheet Member=Component C? 0.1µF
Added Member To Class: ClassName=ECU_Sheet Member=Component C? 0.1µF
Added Member To Class: ClassName=ECU_Sheet Member=Component C? 0.1µF
Added Member To Class: ClassName=ECU_Sheet Member=Component C? 20pF
Added Member To Class: ClassName=ECU_Sheet Member=Component C? 0.1µF
Added Member To Class: ClassName=ECU_Sheet Member=Component C? 0.1µF
Added Member To Class: ClassName=ECU_Sheet Member=Component C? 0.1µF
Added Member To Class: ClassName=ECU_Sheet Member=Component C? 0.1µF
Added Member To Class: ClassName=ECU_Sheet Member=Component C? 0.1µF
Added Member To Class: ClassName=ECU_Sheet Member=Component C? 10pF
Added Member To Class: ClassName=ECU_Sheet Member=Component C? 10pF
Added Member To Class: ClassName=ECU_Sheet Member=Component C? 0.1µF
Added Member To Class: ClassName=ECU_Sheet Member=Component C? 0.1µF
Added Member To Class: ClassName=ECU_Sheet Member=Component C? 0.1µF
Add Class Member: Failed to add class member : Component D1 597-3305-607F
Add Class Member: Failed to add class member : Component D3 597-3305-607F
Add Class Member: Failed to add class member : Component D7 597-3305-607F
Add Class Member: Failed to add class member : Component D9 597-3305-607F
Add Class Member: Failed to add class member : Component J5 TSM-103-01-L-SH
Add Class Member: Failed to add class member : Component MASTER SWD1 TSM-105-01-LM-DV
Add Class Member: Failed to add class member : Component Q1 TIP142
Add Class Member: Failed to add class member : Component Q2 TIP142
Add Class Member: Failed to add class member : Component Q4 TIP142
Add Class Member: Failed to add class member : Component R1 MFR-25FBF52-1K
Add Class Member: Failed to add class member : Component R2 MFR-25FBF52-1K
Add Class Member: Failed to add class member : Component R3 MFR-25FBF52-1K
Add Class Member: Failed to add class member : Component R4 MFR-25FBF52-1K
Add Class Member: Failed to add class member : Component R5 470
Add Class Member: Failed to add class member : Component R6 470
Add Class Member: Failed to add class member : Component R7 470
Add Class Member: Failed to add class member : Component R8 4.7K
Add Class Member: Failed to add class member : Component R9 4.7K
Add Class Member: Failed to add class member : Component R10 4.7K
Add Class Member: Failed to add class member : Component R11 220
Add Class Member: Failed to add class member : Component R12 220
Add Class Member: Failed to add class member : Component R13 470
Add Class Member: Failed to add class member : Component R14 470
Add Class Member: Failed to add class member : Component R15 470
Add Class Member: Failed to add class member : Component R16 4.7K
Add Class Member: Failed to add class member : Component R17 4.7K
Add Class Member: Failed to add class member : Component R18 4.7K
Add Class Member: Failed to add class member : Component R19 220
Add Class Member: Failed to add class member : Component R20 220
Add Class Member: Failed to add class member : Component R29 MFR-25FBF52-1K
Add Class Member: Failed to add class member : Component R30 MFR-25FBF52-1K
Add Class Member: Failed to add class member : Component R33 MFR-25FBF52-1K
Add Class Member: Failed to add class member : Component R34 MFR-25FBF52-1K
Added Member To Class: ClassName=ECU_Sheet Member=Component R? RP73PF1J10KBTDF
Add Class Member: Failed to add class member : Component U1 TC4424CPA
Add Class Member: Failed to add class member : Component U TC4424CPA
Added Member To Class: ClassName=ECU_Sheet Member=Component Y? 16MHz
