Removed Pin From Net: NetName=3.3V Pin=C41-1
Removed Pin From Net: NetName=GND Pin=C41-2
Removed Pin From Net: NetName=GND Pin=C?-1
Removed Pin From Net: NetName=GND Pin=C?-1
Removed Pin From Net: NetName=GND Pin=C?-1
Removed Pin From Net: NetName=GND Pin=C?-1
Removed Pin From Net: NetName=GND Pin=C?-1
Removed Pin From Net: NetName=GND Pin=C?-1
Removed Pin From Net: NetName=GND Pin=C?-1
Removed Pin From Net: NetName=3.3V Pin=C?-2
Removed Pin From Net: NetName=3.3V Pin=C?-2
Removed Pin From Net: NetName=GND Pin=C?-2
Removed Pin From Net: NetName=GND Pin=C?-2
Removed Pin From Net: NetName=GND Pin=C?-2
Removed Pin From Net: NetName=GND Pin=C?-2
Removed Pin From Net: NetName=GND Pin=C?-2
Removed Pin From Net: NetName=GND Pin=C?-2
Removed Pin From Net: NetName=GND Pin=C?-2
Removed Pin From Net: NetName=nRESET Pin=C?-2
Removed Pin From Net: NetName=OSC_16_IN Pin=C?-2
Removed Pin From Net: NetName=OSC_16_OUT Pin=C?-2
Removed Pin From Net: NetName=OSC_32_IN Pin=C?-2
Removed Pin From Net: NetName=OSC_32_OUT Pin=C?-2
Removed Pin From Net: NetName=CANL Pin=J?-01
Removed Pin From Net: NetName=GND Pin=J?-01
Removed Pin From Net: NetName=CANH Pin=J?-02
Removed Pin From Net: NetName=SWCLK Pin=J?-02
Removed Pin From Net: NetName=3.3V Pin=J?-03
Removed Pin From Net: NetName=GND Pin=J?-03
Removed Pin From Net: NetName=SWDIO Pin=J?-04
Removed Pin From Net: NetName=nRESET Pin=J?-06
Removed Pin From Net: NetName=3.3V Pin=R?-1
Removed Pin From Net: NetName=GND Pin=R?-1
Removed Pin From Net: NetName=nRESET Pin=R?-2
Removed Pin From Net: NetName=nRESET Pin=S?-1
Removed Pin From Net: NetName=nRESET Pin=S?-2
Removed Pin From Net: NetName=GND Pin=S?-3
Removed Pin From Net: NetName=GND Pin=S?-4
Removed Pin From Net: NetName=GND Pin=U4-1
Removed Pin From Net: NetName=LoRa_MISO Pin=U4-2
Removed Pin From Net: NetName=LoRa_MOSI Pin=U4-3
Removed Pin From Net: NetName=LoRa_SCK Pin=U4-4
Removed Pin From Net: NetName=GND Pin=U4-8
Removed Pin From Net: NetName=GND Pin=U4-10
Removed Pin From Net: NetName=3.3V Pin=U4-13
Removed Pin From Net: NetName=LoRa_INT_1 Pin=U4-14
Removed Pin From Net: NetName=LoRa_INT_2 Pin=U4-15
Removed Pin From Net: NetName=LoRa_INT_3 Pin=U4-16
Removed Pin From Net: NetName=3.3V Pin=U?-6
Removed Pin From Net: NetName=OSC_32_IN Pin=U?-8
Removed Pin From Net: NetName=OSC_32_OUT Pin=U?-9
Removed Pin From Net: NetName=GND Pin=U?-10
Removed Pin From Net: NetName=3.3V Pin=U?-11
Removed Pin From Net: NetName=OSC_16_IN Pin=U?-12
Removed Pin From Net: NetName=OSC_16_OUT Pin=U?-13
Removed Pin From Net: NetName=nRESET Pin=U?-14
Removed Pin From Net: NetName=GND Pin=U?-19
Removed Pin From Net: NetName=3.3V Pin=U?-20
Removed Pin From Net: NetName=3.3V Pin=U?-21
Removed Pin From Net: NetName=GND Pin=U?-26
Removed Pin From Net: NetName=3.3V Pin=U?-27
Removed Pin From Net: NetName=3.3V Pin=U?-48
Removed Pin From Net: NetName=GND Pin=U?-49
Removed Pin From Net: NetName=3.3V Pin=U?-50
Removed Pin From Net: NetName=3.3V Pin=U?-73
Removed Pin From Net: NetName=GND Pin=U?-74
Removed Pin From Net: NetName=3.3V Pin=U?-75
Removed Pin From Net: NetName=GND Pin=U?-99
Removed Pin From Net: NetName=3.3V Pin=U?-100
Removed Pin From Net: NetName=OSC_16_IN Pin=Y?-1
Removed Pin From Net: NetName=OSC_32_OUT Pin=Y?-1
Removed Pin From Net: NetName=GND Pin=Y?-2
Removed Pin From Net: NetName=OSC_32_IN Pin=Y?-2
Removed Pin From Net: NetName=OSC_16_OUT Pin=Y?-3
Removed Pin From Net: NetName=GND Pin=Y?-4
Removed Member From Class: ClassName=CCU_Sheet Member=C41
Removed Member From Class: ClassName=CCU_Sheet Member=U4
Change Component Description : Designator=U1 Old Description=Dual MOSFET Power Driver 3A 4.5 to 18V Non-Inverting 8-Pin PDIP New Description=Dual MOSFET Power Driver 3A 4.5 to 18V Non-Inverting 8-Pin PDIP | Microchip Technology Inc. TC4424CPA
Change Component Description : Designator=U8 Old Description=Dual MOSFET Power Driver 3A 4.5 to 18V Non-Inverting 8-Pin PDIP New Description=Dual MOSFET Power Driver 3A 4.5 to 18V Non-Inverting 8-Pin PDIP | Microchip Technology Inc. TC4424CPA
Added Member To Class: ClassName=Analog_Sensors_Sheet Member=Component R? 5.6K
Added Member To Class: ClassName=Analog_Sensors_Sheet Member=Component R? 5.6K
Added Member To Class: ClassName=Analog_Sensors_Sheet Member=Component R? 5.6K
Added Member To Class: ClassName=Analog_Sensors_Sheet Member=Component R? 10K
Added Member To Class: ClassName=Analog_Sensors_Sheet Member=Component R? 10K
Added Member To Class: ClassName=Analog_Sensors_Sheet Member=Component R? 10K
Added Member To Class: ClassName=Analog_Sensors_Sheet Member=Component R? 5.6K
Added Member To Class: ClassName=Analog_Sensors_Sheet Member=Component R? 10K
Added Member To Class: ClassName=Analog_Sensors_Sheet Member=Component R? 5.6K
Added Member To Class: ClassName=Analog_Sensors_Sheet Member=Component R? 5.6K
Added Member To Class: ClassName=Analog_Sensors_Sheet Member=Component R? 5.6K
Added Member To Class: ClassName=Analog_Sensors_Sheet Member=Component R? 10K
Added Member To Class: ClassName=Analog_Sensors_Sheet Member=Component R? 10K
Added Member To Class: ClassName=Analog_Sensors_Sheet Member=Component R? 10K
Added Member To Class: ClassName=Analog_Sensors_Sheet Member=Component R? 5.6K
Added Member To Class: ClassName=Analog_Sensors_Sheet Member=Component R? 5.6K
Added Member To Class: ClassName=Analog_Sensors_Sheet Member=Component R? 10K
Added Member To Class: ClassName=Analog_Sensors_Sheet Member=Component R? 5.6K
Added Member To Class: ClassName=Analog_Sensors_Sheet Member=Component R? 10K
Added Member To Class: ClassName=Analog_Sensors_Sheet Member=Component R? 10K
Added Member To Class: ClassName=Analog_Sensors_Sheet Member=Component R? 5.6K
Added Member To Class: ClassName=Analog_Sensors_Sheet Member=Component R? 5.6K
Added Member To Class: ClassName=Analog_Sensors_Sheet Member=Component R? 10K
Added Member To Class: ClassName=ECU_Sheet Member=Component R? 5.6K
