Removed Pin From Net: NetName=Sensor_5 Pin=J9-B1
Removed Pin From Net: NetName=Sensor_6 Pin=J9-B2
Removed Pin From Net: NetName=Sensor_7 Pin=J9-B3
Removed Pin From Net: NetName=Sensor_8 Pin=J9-B4
Removed Pin From Net: NetName=Sensor_9 Pin=J9-C1
Removed Pin From Net: NetName=Sensor_10 Pin=J9-C2
Removed Pin From Net: NetName=Sensor_11 Pin=J9-C3
Removed Pin From Net: NetName=Sensor_12 Pin=J9-C4
Removed Pin From Net: NetName=PWM_MCU_OUT_4 Pin=J9-D1
Removed Pin From Net: NetName=PWM_MCU_OUT_3 Pin=J9-D2
Removed Pin From Net: NetName=PWM_MCU_OUT_1 Pin=J9-D4
Removed Pin From Net: NetName=CJ125_VM Pin=J9-E1
Removed Pin From Net: NetName=CJ125_US Pin=J9-E2
Removed Pin From Net: NetName=CJ125_IP Pin=J9-F1
Removed Pin From Net: NetName=CJ125_IA Pin=J9-F2
Removed Pin From Net: NetName=CJ125_UN Pin=J9-F4
Removed Pin From Net: NetName=Sensor_OPT_3_OUT Pin=J9-G1
Removed Pin From Net: NetName=Sensor_OPT_2_OUT Pin=J9-G2
Removed Pin From Net: NetName=CKP_IN_1 Pin=J9-H1
Removed Pin From Net: NetName=CKP_IN_2 Pin=J9-H2
Removed Pin From Net: NetName=CMP_IN_2 Pin=J9-J1
Removed Pin From Net: NetName=CMP_HALL_IN Pin=J9-J2
Removed Pin From Net: NetName=CANTX Pin=J9-K1
Removed Pin From Net: NetName=3.3V Pin=J9-K2
Removed Pin From Net: NetName=5V_Sensor Pin=J9-K3
Removed Pin From Net: NetName=GND Pin=J9-K4
Added Pin To Net: NetName=Sensor_1 Pin=J9-B1
Added Pin To Net: NetName=Sensor_2 Pin=J9-C1
Added Pin To Net: NetName=Sensor_3 Pin=J9-D1
Added Pin To Net: NetName=Sensor_4 Pin=J9-E1
Added Pin To Net: NetName=Sensor_5 Pin=J9-F1
Added Pin To Net: NetName=Sensor_6 Pin=J9-G1
Added Pin To Net: NetName=Sensor_7 Pin=J9-H1
Added Pin To Net: NetName=Sensor_10 Pin=J9-H2
Added Pin To Net: NetName=Sensor_8 Pin=J9-J1
Added Pin To Net: NetName=Sensor_11 Pin=J9-J2
Added Pin To Net: NetName=Sensor_9 Pin=J9-K1
Added Pin To Net: NetName=Sensor_12 Pin=J9-K2
