Added Component: Designator=J?(CONN_SD-500762-001_MOL)
Add component (AddParameter): Name = "Availability"; Value = "Unavailable"; VariantName = "[No Variations]"
Add component (AddParameter): Name = "MF"; Value = ""; VariantName = "[No Variations]"
Add component (AddParameter): Name = "MP"; Value = "5007620483"; VariantName = "[No Variations]"
Add component (AddParameter): Name = "Package"; Value = "None"; VariantName = "[No Variations]"
Add component (AddParameter): Name = "Price"; Value = "None"; VariantName = "[No Variations]"
Add component (AddParameter): Name = "Value"; Value = ""; VariantName = "[No Variations]"
Add Component: Footprint Not Found RESC3216X70N
Add Component: Footprint Not Found RESC3216X70N
Add Component: Footprint Not Found RESC3216X70N
Add Component: Footprint Not Found RESC3216X70N
Add Component: Footprint Not Found SOIC254P1016X460-16N
Add Pin To Net: Unknown Pin: Pin R53-1
Add Pin To Net: Unknown Pin: Pin R53-2
Add Pin To Net: Unknown Pin: Pin R55-1
Add Pin To Net: Unknown Pin: Pin R55-2
Add Pin To Net: Unknown Pin: Pin R57-1
Add Pin To Net: Unknown Pin: Pin R57-2
Add Pin To Net: Unknown Pin: Pin R59-1
Add Pin To Net: Unknown Pin: Pin R59-2
Add Pin To Net: Unknown Pin: Pin U20-1
Add Pin To Net: Unknown Pin: Pin U20-2
Add Pin To Net: Unknown Pin: Pin U20-3
Add Pin To Net: Unknown Pin: Pin U20-4
Add Pin To Net: Unknown Pin: Pin U20-5
Add Pin To Net: Unknown Pin: Pin U20-6
Add Pin To Net: Unknown Pin: Pin U20-7
Add Pin To Net: Unknown Pin: Pin U20-8
Add Pin To Net: Unknown Pin: Pin U20-9
Add Pin To Net: Unknown Pin: Pin U20-10
Add Pin To Net: Unknown Pin: Pin U20-11
Add Pin To Net: Unknown Pin: Pin U20-12
Add Pin To Net: Unknown Pin: Pin U20-13
Add Pin To Net: Unknown Pin: Pin U20-14
Add Pin To Net: Unknown Pin: Pin U20-15
Add Pin To Net: Unknown Pin: Pin U20-16
Added Member To Class: ClassName=Analog_Sensors_Sheet Member=Component J? 5007620483
Add Class Member: Failed to add class member : Component R53 220O T
Add Class Member: Failed to add class member : Component R55 220O T
Add Class Member: Failed to add class member : Component R57 220O T
Add Class Member: Failed to add class member : Component R59 220O T
Add Class Member: Failed to add class member : Component U20 LTV-846S
