Removed Pin From Net: NetName=SDA_1 Pin=J3-01
Removed Pin From Net: NetName=SDA_2 Pin=J3-02
Removed Pin From Net: NetName=SCL_1 Pin=J3-03
Removed Pin From Net: NetName=SCL_2 Pin=J3-04
Removed Pin From Net: NetName=GND Pin=J3-05
Removed Pin From Net: NetName=GND Pin=J3-06
Removed Member From Class: ClassName=CCU_Sheet Member=J3
Add Component: Footprint Not Found SAMTEC_TSM-103-01-L-SH
Added Component: Designator=J?(SAMTEC_TSM-103-01-L-SH)
Add component (AddParameter): Name = "Availability"; Value = "Unavailable"; VariantName = "[No Variations]"
Add component (AddParameter): Name = "MF"; Value = "Samtec Inc."; VariantName = "[No Variations]"
Add component (AddParameter): Name = "MP"; Value = "TSM-103-01-L-SH"; VariantName = "[No Variations]"
Add component (AddParameter): Name = "Package"; Value = "None"; VariantName = "[No Variations]"
Add component (AddParameter): Name = "Price"; Value = "None"; VariantName = "[No Variations]"
Add component (AddParameter): Name = "Value"; Value = ""; VariantName = "[No Variations]"
Added Component: Designator=J?(SAMTEC_TSM-103-01-L-SH)
Add component (AddParameter): Name = "Availability"; Value = "Unavailable"; VariantName = "[No Variations]"
Add component (AddParameter): Name = "MF"; Value = "Samtec Inc."; VariantName = "[No Variations]"
Add component (AddParameter): Name = "MP"; Value = "TSM-103-01-L-SH"; VariantName = "[No Variations]"
Add component (AddParameter): Name = "Package"; Value = "None"; VariantName = "[No Variations]"
Add component (AddParameter): Name = "Price"; Value = "None"; VariantName = "[No Variations]"
Add component (AddParameter): Name = "Value"; Value = ""; VariantName = "[No Variations]"
Add Component: Footprint Not Found SAMTEC_TSM-105-01-LM-DV
Add Pin To Net: Unknown Pin: Pin J5-01
Add Pin To Net: Unknown Pin: Pin J5-02
Add Pin To Net: Unknown Pin: Pin J5-03
Added Pin To Net: NetName=SDA_1 Pin=J?-01
Added Pin To Net: NetName=SDA_2 Pin=J?-01
Added Pin To Net: NetName=SCL_1 Pin=J?-02
Added Pin To Net: NetName=SCL_2 Pin=J?-02
Added Pin To Net: NetName=GND Pin=J?-03
Added Pin To Net: NetName=GND Pin=J?-03
Add Pin To Net: Unknown Pin: Pin MASTER SWD1-01
Add Pin To Net: Unknown Pin: Pin MASTER SWD1-02
Add Pin To Net: Unknown Pin: Pin MASTER SWD1-03
Add Pin To Net: Unknown Pin: Pin MASTER SWD1-04
Add Pin To Net: Unknown Pin: Pin MASTER SWD1-06
Add Net: Net with name "NetD?_A" already exists
Add Net: Net with name "NetD?_A" already exists
Add Net: Net with name "NetD?_A" already exists
Added Member To Class: ClassName=ECU_Sheet Member=Component C? 0.1µF
Added Member To Class: ClassName=ECU_Sheet Member=Component C? 0.1µF
Added Member To Class: ClassName=ECU_Sheet Member=Component C? 0.1µF
Added Member To Class: ClassName=ECU_Sheet Member=Component C? 0.1µF
Added Member To Class: ClassName=ECU_Sheet Member=Component D? 597-3305-607F
Added Member To Class: ClassName=ECU_Sheet Member=Component D? 597-3305-607F
Added Member To Class: ClassName=ECU_Sheet Member=Component D? 597-3305-607F
Add Class Member: Failed to add class member : Component J5 TSM-103-01-L-SH
Added Member To Class: ClassName=CCU_Sheet Member=Component J? TSM-103-01-L-SH
Added Member To Class: ClassName=CCU_Sheet Member=Component J? TSM-103-01-L-SH
Add Class Member: Failed to add class member : Component MASTER SWD1 TSM-105-01-LM-DV
Added Member To Class: ClassName=CCU_Sheet Member=Component R? RC1206JR-071KL
Added Member To Class: ClassName=CCU_Sheet Member=Component R? RC1206JR-071KL
Added Member To Class: ClassName=CCU_Sheet Member=Component R? RC1206JR-071KL
Added Member To Class: ClassName=ECU_Sheet Member=Component R? RC1206FR-074K7L
Added Member To Class: ClassName=ECU_Sheet Member=Component R? AA1206JR-07470RL
Added Member To Class: ClassName=ECU_Sheet Member=Component R? ERJP08J221V
Added Member To Class: ClassName=ECU_Sheet Member=Component R? RC1206JR-071KL
Added Member To Class: ClassName=ECU_Sheet Member=Component R? RC1206FR-074K7L
Added Member To Class: ClassName=ECU_Sheet Member=Component R? RC1206JR-071KL
Added Member To Class: ClassName=ECU_Sheet Member=Component R? RC1206JR-071KL
Added Member To Class: ClassName=ECU_Sheet Member=Component R? ERJP08J221V
Added Member To Class: ClassName=ECU_Sheet Member=Component R? RC1206FR-074K7L
Added Member To Class: ClassName=ECU_Sheet Member=Component R? ERJP08J221V
Added Member To Class: ClassName=ECU_Sheet Member=Component R? AA1206JR-07470RL
Added Member To Class: ClassName=ECU_Sheet Member=Component R? ERJP08J221V
Added Member To Class: ClassName=ECU_Sheet Member=Component R? AA1206JR-07470RL
Added Member To Class: ClassName=ECU_Sheet Member=Component R? RC1206JR-071KL
Added Member To Class: ClassName=ECU_Sheet Member=Component R? AA1206JR-07470RL
Added Member To Class: ClassName=ECU_Sheet Member=Component R? AA1206JR-07470RL
Added Member To Class: ClassName=ECU_Sheet Member=Component R? RC1206FR-074K7L
Added Member To Class: ClassName=ECU_Sheet Member=Component R? RC1206FR-074K7L
Added Member To Class: ClassName=ECU_Sheet Member=Component R? RC1206FR-074K7L
Added Member To Class: ClassName=ECU_Sheet Member=Component U? TC4424CPA
