Add Component: Footprint Not Found SAMTEC_TSM-103-01-L-SH
Add Component: Footprint Not Found SAMTEC_TSM-105-01-LM-DV
Add Pin To Net: Unknown Pin: Pin J5-01
Add Pin To Net: Unknown Pin: Pin J5-02
Add Pin To Net: Unknown Pin: Pin J5-03
Add Pin To Net: Unknown Pin: Pin MASTER SWD1-01
Add Pin To Net: Unknown Pin: Pin MASTER SWD1-02
Add Pin To Net: Unknown Pin: Pin MASTER SWD1-03
Add Pin To Net: Unknown Pin: Pin MASTER SWD1-04
Add Pin To Net: Unknown Pin: Pin MASTER SWD1-06
Added Pin To Net: NetName=GND Pin=Q5-3
Added Pin To Net: NetName=GND Pin=Q6-3
Added Pin To Net: NetName=GND Pin=Q7-3
Added Pin To Net: NetName=GND Pin=Q8-3
Change Net Name : Old Net Name=GND New Net Name=Bat_Ground
Add Net: Net with name "NetD?_A" already exists
Add Net: Net with name "NetD?_A" already exists
Add Net: Net with name "NetD?_A" already exists
Added Member To Class: ClassName=ECU_Sheet Member=Component C? 0.1µF
Added Member To Class: ClassName=ECU_Sheet Member=Component C? 0.1µF
Added Member To Class: ClassName=ECU_Sheet Member=Component C? 0.1µF
Added Member To Class: ClassName=ECU_Sheet Member=Component C? 0.1µF
Added Member To Class: ClassName=ECU_Sheet Member=Component D? 597-3305-607F
Added Member To Class: ClassName=ECU_Sheet Member=Component D? 597-3305-607F
Added Member To Class: ClassName=ECU_Sheet Member=Component D? 597-3305-607F
Add Class Member: Failed to add class member : Component J5 TSM-103-01-L-SH
Added Member To Class: ClassName=CCU_Sheet Member=Component J? TSM-103-01-L-SH
Add Class Member: Failed to add class member : Component MASTER SWD1 TSM-105-01-LM-DV
Added Member To Class: ClassName=CCU_Sheet Member=Component R? RC1206JR-071KL
Added Member To Class: ClassName=CCU_Sheet Member=Component R? RC1206JR-071KL
Added Member To Class: ClassName=CCU_Sheet Member=Component R? RC1206JR-071KL
Added Member To Class: ClassName=ECU_Sheet Member=Component R? RC1206FR-074K7L
Added Member To Class: ClassName=ECU_Sheet Member=Component R? RC1206JR-071KL
Added Member To Class: ClassName=ECU_Sheet Member=Component R? AA1206JR-07470RL
Added Member To Class: ClassName=ECU_Sheet Member=Component R? RC1206JR-071KL
Added Member To Class: ClassName=ECU_Sheet Member=Component R? ERJP08J221V
Added Member To Class: ClassName=ECU_Sheet Member=Component R? AA1206JR-07470RL
Added Member To Class: ClassName=ECU_Sheet Member=Component R? ERJP08J221V
Added Member To Class: ClassName=ECU_Sheet Member=Component R? RC1206FR-074K7L
Added Member To Class: ClassName=ECU_Sheet Member=Component R? RC1206FR-074K7L
Added Member To Class: ClassName=ECU_Sheet Member=Component R? RC1206JR-071KL
Added Member To Class: ClassName=ECU_Sheet Member=Component R? AA1206JR-07470RL
Added Member To Class: ClassName=ECU_Sheet Member=Component R? AA1206JR-07470RL
Added Member To Class: ClassName=ECU_Sheet Member=Component R? ERJP08J221V
Added Member To Class: ClassName=ECU_Sheet Member=Component R? RC1206JR-071KL
Added Member To Class: ClassName=ECU_Sheet Member=Component R? RC1206FR-074K7L
Added Member To Class: ClassName=ECU_Sheet Member=Component R? ERJP08J221V
Added Member To Class: ClassName=ECU_Sheet Member=Component R? AA1206JR-07470RL
Added Member To Class: ClassName=ECU_Sheet Member=Component R? RC1206FR-074K7L
Added Member To Class: ClassName=ECU_Sheet Member=Component R? RC1206FR-074K7L
Added Member To Class: ClassName=ECU_Sheet Member=Component U? TC4424CPA
Added Room: Name=CCU_Sheet
Added Room: Name=ECU_Sheet
