Added Component: Designator=C?(CAPC1608X90N)
Add component (AddParameter): Name = "Availability"; Value = "Unavailable"; VariantName = "[No Variations]"
Add component (AddParameter): Name = "MF"; Value = ""; VariantName = "[No Variations]"
Add component (AddParameter): Name = "MP"; Value = "06035C104MAZ2A"; VariantName = "[No Variations]"
Add component (AddParameter): Name = "Package"; Value = "None"; VariantName = "[No Variations]"
Add component (AddParameter): Name = "Price"; Value = "None"; VariantName = "[No Variations]"
Add component (AddParameter): Name = "Value"; Value = ""; VariantName = "[No Variations]"
Added Component: Designator=C?(CAPC1608X90N)
Add component (AddParameter): Name = "Availability"; Value = "Unavailable"; VariantName = "[No Variations]"
Add component (AddParameter): Name = "MF"; Value = ""; VariantName = "[No Variations]"
Add component (AddParameter): Name = "MP"; Value = "06035C104MAZ2A"; VariantName = "[No Variations]"
Add component (AddParameter): Name = "Package"; Value = "None"; VariantName = "[No Variations]"
Add component (AddParameter): Name = "Price"; Value = "None"; VariantName = "[No Variations]"
Add component (AddParameter): Name = "Value"; Value = ""; VariantName = "[No Variations]"
Added Component: Designator=C?(CAPC1608X90N)
Add component (AddParameter): Name = "Availability"; Value = "Unavailable"; VariantName = "[No Variations]"
Add component (AddParameter): Name = "MF"; Value = ""; VariantName = "[No Variations]"
Add component (AddParameter): Name = "MP"; Value = "06035C104MAZ2A"; VariantName = "[No Variations]"
Add component (AddParameter): Name = "Package"; Value = "None"; VariantName = "[No Variations]"
Add component (AddParameter): Name = "Price"; Value = "None"; VariantName = "[No Variations]"
Add component (AddParameter): Name = "Value"; Value = ""; VariantName = "[No Variations]"
Added Component: Designator=C?(CAPC1608X90N)
Add component (AddParameter): Name = "Availability"; Value = "Unavailable"; VariantName = "[No Variations]"
Add component (AddParameter): Name = "MF"; Value = ""; VariantName = "[No Variations]"
Add component (AddParameter): Name = "MP"; Value = "06035C104MAZ2A"; VariantName = "[No Variations]"
Add component (AddParameter): Name = "Package"; Value = "None"; VariantName = "[No Variations]"
Add component (AddParameter): Name = "Price"; Value = "None"; VariantName = "[No Variations]"
Add component (AddParameter): Name = "Value"; Value = ""; VariantName = "[No Variations]"
Added Component: Designator=R?(RESC3116X65N)
Add component (AddParameter): Name = "Availability"; Value = "Unavailable"; VariantName = "[No Variations]"
Add component (AddParameter): Name = "MF"; Value = ""; VariantName = "[No Variations]"
Add component (AddParameter): Name = "MP"; Value = "AA1206JR-07470RL"; VariantName = "[No Variations]"
Add component (AddParameter): Name = "Package"; Value = "None"; VariantName = "[No Variations]"
Add component (AddParameter): Name = "Price"; Value = "None"; VariantName = "[No Variations]"
Add component (AddParameter): Name = "Value"; Value = ""; VariantName = "[No Variations]"
Added Component: Designator=R?(RESC3116X65N)
Add component (AddParameter): Name = "Availability"; Value = "Unavailable"; VariantName = "[No Variations]"
Add component (AddParameter): Name = "MF"; Value = ""; VariantName = "[No Variations]"
Add component (AddParameter): Name = "MP"; Value = "AA1206JR-07470RL"; VariantName = "[No Variations]"
Add component (AddParameter): Name = "Package"; Value = "None"; VariantName = "[No Variations]"
Add component (AddParameter): Name = "Price"; Value = "None"; VariantName = "[No Variations]"
Add component (AddParameter): Name = "Value"; Value = ""; VariantName = "[No Variations]"
Added Component: Designator=R?(RESC3116X65N)
Add component (AddParameter): Name = "Availability"; Value = "Unavailable"; VariantName = "[No Variations]"
Add component (AddParameter): Name = "MF"; Value = ""; VariantName = "[No Variations]"
Add component (AddParameter): Name = "MP"; Value = "AA1206JR-07470RL"; VariantName = "[No Variations]"
Add component (AddParameter): Name = "Package"; Value = "None"; VariantName = "[No Variations]"
Add component (AddParameter): Name = "Price"; Value = "None"; VariantName = "[No Variations]"
Add component (AddParameter): Name = "Value"; Value = ""; VariantName = "[No Variations]"
Added Component: Designator=R?(RESC3116X65N)
Add component (AddParameter): Name = "Availability"; Value = "Unavailable"; VariantName = "[No Variations]"
Add component (AddParameter): Name = "MF"; Value = ""; VariantName = "[No Variations]"
Add component (AddParameter): Name = "MP"; Value = "AA1206JR-07470RL"; VariantName = "[No Variations]"
Add component (AddParameter): Name = "Package"; Value = "None"; VariantName = "[No Variations]"
Add component (AddParameter): Name = "Price"; Value = "None"; VariantName = "[No Variations]"
Add component (AddParameter): Name = "Value"; Value = ""; VariantName = "[No Variations]"
Added Component: Designator=R?(RESC3116X65N)
Add component (AddParameter): Name = "Availability"; Value = "Unavailable"; VariantName = "[No Variations]"
Add component (AddParameter): Name = "MF"; Value = ""; VariantName = "[No Variations]"
Add component (AddParameter): Name = "MP"; Value = "AA1206JR-07470RL"; VariantName = "[No Variations]"
Add component (AddParameter): Name = "Package"; Value = "None"; VariantName = "[No Variations]"
Add component (AddParameter): Name = "Price"; Value = "None"; VariantName = "[No Variations]"
Add component (AddParameter): Name = "Value"; Value = ""; VariantName = "[No Variations]"
Added Component: Designator=R?(RESC3116X65N)
Add component (AddParameter): Name = "Availability"; Value = "Unavailable"; VariantName = "[No Variations]"
Add component (AddParameter): Name = "MF"; Value = ""; VariantName = "[No Variations]"
Add component (AddParameter): Name = "MP"; Value = "AA1206JR-07470RL"; VariantName = "[No Variations]"
Add component (AddParameter): Name = "Package"; Value = "None"; VariantName = "[No Variations]"
Add component (AddParameter): Name = "Price"; Value = "None"; VariantName = "[No Variations]"
Add component (AddParameter): Name = "Value"; Value = ""; VariantName = "[No Variations]"
Added Pin To Net: NetName=GND Pin=C?-1
Added Pin To Net: NetName=GND Pin=C?-1
Added Pin To Net: NetName=GND Pin=C?-1
Added Pin To Net: NetName=VIN Pin=C?-2
Added Pin To Net: NetName=GND Pin=Q?-3
Added Pin To Net: NetName=GND Pin=R?-1
Added Pin To Net: NetName=GND Pin=R?-2
Added Pin To Net: NetName=VIN Pin=U12-1
Added Pin To Net: NetName=GND Pin=U12-8
Added Pin To Net: NetName=CJ125_DIAHG Pin=Q?-1
Added Pin To Net: NetName=CJ125_DIAHG Pin=R?-1
Added Pin To Net: NetName=CJ125_DIAHG Pin=R?-2
Added Pin To Net: NetName=CJ125_DIAHG Pin=U12-6
Added Net: Name=CJ125_DIAHG
Added Pin To Net: NetName=CJ125_IA Pin=U12-4
Added Net: Name=CJ125_IA
Added Pin To Net: NetName=CJ125_IP Pin=U12-3
Added Net: Name=CJ125_IP
Added Pin To Net: NetName=CJ125_RS Pin=U12-9
Added Net: Name=CJ125_RS
Added Pin To Net: NetName=CJ125_UA Pin=U12-21
Added Net: Name=CJ125_UA
Added Pin To Net: NetName=CJ125_UN Pin=C?-2
Added Pin To Net: NetName=CJ125_UN Pin=U12-2
Added Net: Name=CJ125_UN
Added Pin To Net: NetName=CJ125_UP Pin=U12-20
Added Net: Name=CJ125_UP
Added Pin To Net: NetName=CJ125_UR Pin=U12-12
Added Net: Name=CJ125_UR
Added Pin To Net: NetName=CJ125_US Pin=U12-19
Added Net: Name=CJ125_US
Added Pin To Net: NetName=CJ125_VM Pin=U12-18
Added Net: Name=CJ125_VM
Added Pin To Net: NetName=HEATER_GND Pin=Q?-2
Added Pin To Net: NetName=HEATER_GND Pin=R?-1
Added Net: Name=HEATER_GND
Added Pin To Net: NetName=HEATER_OUT Pin=R?-1
Added Net: Name=HEATER_OUT
Added Pin To Net: NetName=NetC?_1 Pin=C?-1
Added Pin To Net: NetName=NetC?_1 Pin=R?-1
Added Net: Name=NetC?_1
Added Pin To Net: NetName=NetC?_2 Pin=C?-2
Added Pin To Net: NetName=NetC?_2 Pin=U12-11
Added Net: Name=NetC?_2
Add Net: Net with name "NetC?_2" already exists
Added Pin To Net: NetName=NetR?_1 Pin=R?-1
Added Pin To Net: NetName=NetR?_1 Pin=U12-23
Added Net: Name=NetR?_1
Add Net: Net with name "NetR?_2" already exists
Add Net: Net with name "NetR?_2" already exists
Add Net: Net with name "NetR?_2" already exists
Add Net: Net with name "NetR?_2" already exists
Add Net: Net with name "NetR?_2" already exists
Add Net: Net with name "NetR?_2" already exists
Added Member To Class: ClassName=ECU_Sheet Member=Component C? 0.1µF
Added Member To Class: ClassName=ECU_Sheet Member=Component C? 0.1µF
Added Member To Class: ClassName=ECU_Sheet Member=Component C? 2.2nF
Added Member To Class: ClassName=ECU_Sheet Member=Component C? 0.1µF
Added Member To Class: ClassName=ECU_Sheet Member=Component C? 1nF
Added Member To Class: ClassName=ECU_Sheet Member=Component C? 0.1µF
Added Member To Class: ClassName=ECU_Sheet Member=Component C? 0.1µF
Added Member To Class: ClassName=Analog_Sensors_Sheet Member=Component R? 5.6K
Added Member To Class: ClassName=Analog_Sensors_Sheet Member=Component R? 10K
Added Member To Class: ClassName=Analog_Sensors_Sheet Member=Component R? 10K
Added Member To Class: ClassName=Analog_Sensors_Sheet Member=Component R? 5.6K
Added Member To Class: ClassName=Analog_Sensors_Sheet Member=Component R? 10K
Added Member To Class: ClassName=Analog_Sensors_Sheet Member=Component R? 5.6K
Added Member To Class: ClassName=Analog_Sensors_Sheet Member=Component R? 5.6K
Added Member To Class: ClassName=Analog_Sensors_Sheet Member=Component R? 10K
Added Member To Class: ClassName=Analog_Sensors_Sheet Member=Component R? 5.6K
Added Member To Class: ClassName=Analog_Sensors_Sheet Member=Component R? 5.6K
Added Member To Class: ClassName=Analog_Sensors_Sheet Member=Component R? 10K
Added Member To Class: ClassName=Analog_Sensors_Sheet Member=Component R? 5.6K
Added Member To Class: ClassName=Analog_Sensors_Sheet Member=Component R? 10K
Added Member To Class: ClassName=Analog_Sensors_Sheet Member=Component R? 5.6K
Added Member To Class: ClassName=Analog_Sensors_Sheet Member=Component R? 10K
Added Member To Class: ClassName=Analog_Sensors_Sheet Member=Component R? 5.6K
Added Member To Class: ClassName=Analog_Sensors_Sheet Member=Component R? 5.6K
Added Member To Class: ClassName=Analog_Sensors_Sheet Member=Component R? 10K
Added Member To Class: ClassName=Analog_Sensors_Sheet Member=Component R? 10K
Added Member To Class: ClassName=Analog_Sensors_Sheet Member=Component R? 5.6K
Added Member To Class: ClassName=Analog_Sensors_Sheet Member=Component R? 5.6K
Added Member To Class: ClassName=Analog_Sensors_Sheet Member=Component R? 10K
Added Member To Class: ClassName=Analog_Sensors_Sheet Member=Component R? 10K
Added Member To Class: ClassName=ECU_Sheet Member=Component R? 4.7K
Added Member To Class: ClassName=ECU_Sheet Member=Component R? 150
Added Member To Class: ClassName=ECU_Sheet Member=Component R? 100K
Added Member To Class: ClassName=ECU_Sheet Member=Component R? 31.6K
Added Member To Class: ClassName=ECU_Sheet Member=Component R? 10K
Added Member To Class: ClassName=ECU_Sheet Member=Component R? 5.6K
Added Member To Class: ClassName=ECU_Sheet Member=Component R? 6.8K
Added Member To Class: ClassName=ECU_Sheet Member=Component R? 10K
Added Member To Class: ClassName=ECU_Sheet Member=Component R? 10K
Added Member To Class: ClassName=ECU_Sheet Member=Component R? 10K
Added Member To Class: ClassName=ECU_Sheet Member=Component R? 10K
Added Member To Class: ClassName=ECU_Sheet Member=Component R? 10K
Added Member To Class: ClassName=ECU_Sheet Member=Component R? 100K
Added Member To Class: ClassName=ECU_Sheet Member=Component U? MAX9924UAUB+T
Added Member To Class: ClassName=ECU_Sheet Member=Component U? MAX9924UAUB+T
Added Member To Class: ClassName=ECU_Sheet Member=Component U? 2N7001TDCKR
