Added Component: Designator=C?(CAPC1608X90N)
Add component (AddParameter): Name = "Availability"; Value = "Unavailable"; VariantName = "[No Variations]"
Add component (AddParameter): Name = "MF"; Value = ""; VariantName = "[No Variations]"
Add component (AddParameter): Name = "MP"; Value = "06035C104MAZ2A"; VariantName = "[No Variations]"
Add component (AddParameter): Name = "Package"; Value = "None"; VariantName = "[No Variations]"
Add component (AddParameter): Name = "Price"; Value = "None"; VariantName = "[No Variations]"
Add component (AddParameter): Name = "Value"; Value = ""; VariantName = "[No Variations]"
Add Component: Footprint Not Found SAMTEC_TSM-103-01-L-SH
Add Component: Footprint Not Found SAMTEC_TSM-105-01-LM-DV
Added Pin To Net: NetName=GND Pin=C?-1
Added Pin To Net: NetName=5V_Sensor Pin=C?-2
Add Pin To Net: Unknown Pin: Pin J5-01
Add Pin To Net: Unknown Pin: Pin J5-02
Add Pin To Net: Unknown Pin: Pin J5-03
Add Pin To Net: Unknown Pin: Pin MASTER SWD1-01
Add Pin To Net: Unknown Pin: Pin MASTER SWD1-02
Add Pin To Net: Unknown Pin: Pin MASTER SWD1-03
Add Pin To Net: Unknown Pin: Pin MASTER SWD1-04
Add Pin To Net: Unknown Pin: Pin MASTER SWD1-06
Added Member To Class: ClassName=ECU_Sheet Member=Component C? 0.1µF
Add Class Member: Failed to add class member : Component J5 TSM-103-01-L-SH
Add Class Member: Failed to add class member : Component MASTER SWD1 TSM-105-01-LM-DV
