Added Component: Designator=D?(LEDC2012X70N)
Add component (AddParameter): Name = "Availability"; Value = "Unavailable"; VariantName = "[No Variations]"
Add component (AddParameter): Name = "MF"; Value = ""; VariantName = "[No Variations]"
Add component (AddParameter): Name = "MP"; Value = "597-3305-607F"; VariantName = "[No Variations]"
Add component (AddParameter): Name = "Package"; Value = "None"; VariantName = "[No Variations]"
Add component (AddParameter): Name = "Price"; Value = "None"; VariantName = "[No Variations]"
Add component (AddParameter): Name = "Value"; Value = ""; VariantName = "[No Variations]"
Added Component: Designator=D?(LEDC2012X70N)
Add component (AddParameter): Name = "Availability"; Value = "Unavailable"; VariantName = "[No Variations]"
Add component (AddParameter): Name = "MF"; Value = ""; VariantName = "[No Variations]"
Add component (AddParameter): Name = "MP"; Value = "597-3305-607F"; VariantName = "[No Variations]"
Add component (AddParameter): Name = "Package"; Value = "None"; VariantName = "[No Variations]"
Add component (AddParameter): Name = "Price"; Value = "None"; VariantName = "[No Variations]"
Add component (AddParameter): Name = "Value"; Value = ""; VariantName = "[No Variations]"
Added Component: Designator=D?(LEDC2012X70N)
Add component (AddParameter): Name = "Availability"; Value = "Unavailable"; VariantName = "[No Variations]"
Add component (AddParameter): Name = "MF"; Value = ""; VariantName = "[No Variations]"
Add component (AddParameter): Name = "MP"; Value = "597-3305-607F"; VariantName = "[No Variations]"
Add component (AddParameter): Name = "Package"; Value = "None"; VariantName = "[No Variations]"
Add component (AddParameter): Name = "Price"; Value = "None"; VariantName = "[No Variations]"
Add component (AddParameter): Name = "Value"; Value = ""; VariantName = "[No Variations]"
Added Component: Designator=D?(LEDC2012X70N)
Add component (AddParameter): Name = "Availability"; Value = "Unavailable"; VariantName = "[No Variations]"
Add component (AddParameter): Name = "MF"; Value = ""; VariantName = "[No Variations]"
Add component (AddParameter): Name = "MP"; Value = "597-3305-607F"; VariantName = "[No Variations]"
Add component (AddParameter): Name = "Package"; Value = "None"; VariantName = "[No Variations]"
Add component (AddParameter): Name = "Price"; Value = "None"; VariantName = "[No Variations]"
Add component (AddParameter): Name = "Value"; Value = ""; VariantName = "[No Variations]"
Add Component: Footprint Not Found SAMTEC_TSM-103-01-L-SH
Add Component: Footprint Not Found SAMTEC_TSM-105-01-LM-DV
Add Component: Footprint Not Found RESAD1100W55L680D260
Add Component: Footprint Not Found RESAD1100W55L680D260
Add Component: Footprint Not Found RESAD1100W55L680D260
Add Component: Footprint Not Found RESAD1100W55L680D260
Add Component: Footprint Not Found RESAD1100W55L680D260
Add Component: Footprint Not Found RESAD1100W55L680D260
Add Component: Footprint Not Found RESAD1100W55L680D260
Add Component: Footprint Not Found RESAD1100W55L680D260
Add Component: Footprint Not Found RESAD1100W55L680D260
Add Component: Footprint Not Found RESAD1100W55L680D260
Add Component: Footprint Not Found RESAD1100W55L680D260
Add Component: Footprint Not Found RESAD1100W55L680D260
Add Component: Footprint Not Found RESAD1100W55L680D260
Add Component: Footprint Not Found RESAD1100W55L680D260
Add Component: Footprint Not Found RESAD1100W55L680D260
Add Component: Footprint Not Found RESAD1100W55L680D260
Add Component: Footprint Not Found RESAD1100W55L680D260
Add Component: Footprint Not Found RESAD1100W55L680D260
Add Component: Footprint Not Found RESAD1100W55L680D260
Add Component: Footprint Not Found RESAD1100W55L680D260
Add Component: Footprint Not Found RESAD1100W55L680D260
Add Component: Footprint Not Found RESAD1100W55L680D260
Add Component: Footprint Not Found RESAD1100W55L680D260
Add Component: Footprint Not Found RESAD1100W55L680D260
Add Component: Footprint Not Found DIP254P762X432-8
Add Component: Footprint Not Found DIP254P762X432-8
Add Pin To Net: Unknown Pin: Pin J5-01
Add Pin To Net: Unknown Pin: Pin J5-02
Add Pin To Net: Unknown Pin: Pin J5-03
Add Pin To Net: Unknown Pin: Pin MASTER SWD1-01
Add Pin To Net: Unknown Pin: Pin MASTER SWD1-02
Add Pin To Net: Unknown Pin: Pin MASTER SWD1-03
Add Pin To Net: Unknown Pin: Pin MASTER SWD1-04
Add Pin To Net: Unknown Pin: Pin MASTER SWD1-06
Add Pin To Net: Unknown Pin: Pin R1-1
Add Pin To Net: Unknown Pin: Pin R2-1
Add Pin To Net: Unknown Pin: Pin R3-1
Add Pin To Net: Unknown Pin: Pin R4-1
Add Pin To Net: Unknown Pin: Pin R5-1
Add Pin To Net: Unknown Pin: Pin R5-2
Add Pin To Net: Unknown Pin: Pin R6-1
Add Pin To Net: Unknown Pin: Pin R6-2
Add Pin To Net: Unknown Pin: Pin R7-1
Add Pin To Net: Unknown Pin: Pin R7-2
Add Pin To Net: Unknown Pin: Pin R8-1
Add Pin To Net: Unknown Pin: Pin R8-2
Add Pin To Net: Unknown Pin: Pin R9-1
Add Pin To Net: Unknown Pin: Pin R9-2
Add Pin To Net: Unknown Pin: Pin R10-1
Add Pin To Net: Unknown Pin: Pin R10-2
Add Pin To Net: Unknown Pin: Pin R11-1
Add Pin To Net: Unknown Pin: Pin R11-2
Add Pin To Net: Unknown Pin: Pin R12-1
Add Pin To Net: Unknown Pin: Pin R12-2
Add Pin To Net: Unknown Pin: Pin R13-1
Add Pin To Net: Unknown Pin: Pin R13-2
Add Pin To Net: Unknown Pin: Pin R14-1
Add Pin To Net: Unknown Pin: Pin R14-2
Add Pin To Net: Unknown Pin: Pin R15-1
Add Pin To Net: Unknown Pin: Pin R15-2
Add Pin To Net: Unknown Pin: Pin R16-1
Add Pin To Net: Unknown Pin: Pin R16-2
Add Pin To Net: Unknown Pin: Pin R17-1
Add Pin To Net: Unknown Pin: Pin R17-2
Add Pin To Net: Unknown Pin: Pin R18-1
Add Pin To Net: Unknown Pin: Pin R18-2
Add Pin To Net: Unknown Pin: Pin R19-1
Add Pin To Net: Unknown Pin: Pin R19-2
Add Pin To Net: Unknown Pin: Pin R20-1
Add Pin To Net: Unknown Pin: Pin R20-2
Add Pin To Net: Unknown Pin: Pin R29-1
Add Pin To Net: Unknown Pin: Pin R29-2
Add Pin To Net: Unknown Pin: Pin R30-1
Add Pin To Net: Unknown Pin: Pin R30-2
Add Pin To Net: Unknown Pin: Pin R33-1
Add Pin To Net: Unknown Pin: Pin R33-2
Add Pin To Net: Unknown Pin: Pin R34-1
Add Pin To Net: Unknown Pin: Pin R34-2
Add Pin To Net: Unknown Pin: Pin U1-2
Add Pin To Net: Unknown Pin: Pin U1-3
Add Pin To Net: Unknown Pin: Pin U1-4
Add Pin To Net: Unknown Pin: Pin U1-5
Add Pin To Net: Unknown Pin: Pin U1-6
Add Pin To Net: Unknown Pin: Pin U1-7
Add Pin To Net: Unknown Pin: Pin U-2
Add Pin To Net: Unknown Pin: Pin U-3
Add Pin To Net: Unknown Pin: Pin U-4
Add Pin To Net: Unknown Pin: Pin U-5
Add Pin To Net: Unknown Pin: Pin U-6
Add Pin To Net: Unknown Pin: Pin U-7
Added Pin To Net: NetName=NetD2_A Pin=D2-A
Added Pin To Net: NetName=NetD2_A Pin=D?-C
Added Net: Name=NetD2_A
Added Pin To Net: NetName=NetD4_A Pin=D4-A
Added Pin To Net: NetName=NetD4_A Pin=D?-C
Added Net: Name=NetD4_A
Added Pin To Net: NetName=NetD8_A Pin=D8-A
Added Pin To Net: NetName=NetD8_A Pin=D?-C
Added Net: Name=NetD8_A
Added Pin To Net: NetName=NetD10_A Pin=D10-A
Added Pin To Net: NetName=NetD10_A Pin=D?-C
Added Net: Name=NetD10_A
Added Pin To Net: NetName=NetD?_A Pin=D?-A
Added Net: Name=NetD?_A
Add Net: Net with name "NetD?_A" already exists
Add Net: Net with name "NetD?_A" already exists
Add Net: Net with name "NetD?_A" already exists
Added Member To Class: ClassName=ECU_Sheet Member=Component D? 597-3305-607F
Added Member To Class: ClassName=ECU_Sheet Member=Component D? 597-3305-607F
Added Member To Class: ClassName=ECU_Sheet Member=Component D? 597-3305-607F
Added Member To Class: ClassName=ECU_Sheet Member=Component D? 597-3305-607F
Add Class Member: Failed to add class member : Component J5 TSM-103-01-L-SH
Add Class Member: Failed to add class member : Component MASTER SWD1 TSM-105-01-LM-DV
Add Class Member: Failed to add class member : Component R1 MFR-25FBF52-1K
Add Class Member: Failed to add class member : Component R2 MFR-25FBF52-1K
Add Class Member: Failed to add class member : Component R3 MFR-25FBF52-1K
Add Class Member: Failed to add class member : Component R4 MFR-25FBF52-1K
Add Class Member: Failed to add class member : Component R5 470
Add Class Member: Failed to add class member : Component R6 470
Add Class Member: Failed to add class member : Component R7 470
Add Class Member: Failed to add class member : Component R8 4.7K
Add Class Member: Failed to add class member : Component R9 4.7K
Add Class Member: Failed to add class member : Component R10 4.7K
Add Class Member: Failed to add class member : Component R11 220
Add Class Member: Failed to add class member : Component R12 220
Add Class Member: Failed to add class member : Component R13 470
Add Class Member: Failed to add class member : Component R14 470
Add Class Member: Failed to add class member : Component R15 470
Add Class Member: Failed to add class member : Component R16 4.7K
Add Class Member: Failed to add class member : Component R17 4.7K
Add Class Member: Failed to add class member : Component R18 4.7K
Add Class Member: Failed to add class member : Component R19 220
Add Class Member: Failed to add class member : Component R20 220
Add Class Member: Failed to add class member : Component R29 MFR-25FBF52-1K
Add Class Member: Failed to add class member : Component R30 MFR-25FBF52-1K
Add Class Member: Failed to add class member : Component R33 MFR-25FBF52-1K
Add Class Member: Failed to add class member : Component R34 MFR-25FBF52-1K
Add Class Member: Failed to add class member : Component U1 TC4424CPA
Add Class Member: Failed to add class member : Component U TC4424CPA
